[2.022s] DEBUG:colcon:Command line arguments: ['/usr/bin/colcon', 'build']
[2.022s] DEBUG:colcon:Parsed command line arguments: Namespace(log_base=None, log_level=None, verb_name='build', build_base='build', install_base='install', merge_install=False, symlink_install=False, test_result_base=None, continue_on_error=False, executor='parallel', parallel_workers=8, event_handlers=None, ignore_user_meta=False, metas=['./colcon.meta'], base_paths=['.'], packages_ignore=None, packages_ignore_regex=None, paths=None, packages_up_to=None, packages_up_to_regex=None, packages_above=None, packages_above_and_dependencies=None, packages_above_depth=None, packages_select_by_dep=None, packages_skip_by_dep=None, packages_skip_up_to=None, packages_select_build_failed=False, packages_skip_build_finished=False, packages_select_test_failures=False, packages_skip_test_passed=False, packages_select=None, packages_skip=None, packages_select_regex=None, packages_skip_regex=None, packages_start=None, packages_end=None, allow_overriding=[], cmake_args=None, cmake_target=None, cmake_target_skip_unavailable=False, cmake_clean_cache=False, cmake_clean_first=False, cmake_force_configure=False, ament_cmake_args=None, catkin_cmake_args=None, catkin_skip_building_tests=False, verb_parser=<colcon_defaults.argument_parser.defaults.DefaultArgumentsDecorator object at 0x7f0b521a0a90>, verb_extension=<colcon_core.verb.build.BuildVerb object at 0x7f0b521a2c20>, main=<bound method BuildVerb.main of <colcon_core.verb.build.BuildVerb object at 0x7f0b521a2c20>>)
[2.111s] Level 1:colcon.colcon_core.package_discovery:discover_packages(colcon_meta) check parameters
[2.111s] Level 1:colcon.colcon_core.package_discovery:discover_packages(recursive) check parameters
[2.112s] Level 1:colcon.colcon_core.package_discovery:discover_packages(ignore) check parameters
[2.112s] Level 1:colcon.colcon_core.package_discovery:discover_packages(path) check parameters
[2.112s] Level 1:colcon.colcon_core.package_discovery:discover_packages(colcon_meta) discover
[2.112s] Level 1:colcon.colcon_core.package_discovery:discover_packages(recursive) discover
[2.112s] INFO:colcon.colcon_core.package_discovery:Crawling recursively for packages in '/home/albertlor/Academic/self_driving_robot/bumperbot_ws'
[2.112s] Level 1:colcon.colcon_core.package_identification:_identify(.) by extensions ['ignore', 'ignore_ament_install']
[2.112s] Level 1:colcon.colcon_core.package_identification:_identify(.) by extension 'ignore'
[2.112s] Level 1:colcon.colcon_core.package_identification:_identify(.) by extension 'ignore_ament_install'
[2.112s] Level 1:colcon.colcon_core.package_identification:_identify(.) by extensions ['colcon_pkg']
[2.112s] Level 1:colcon.colcon_core.package_identification:_identify(.) by extension 'colcon_pkg'
[2.113s] Level 1:colcon.colcon_core.package_identification:_identify(.) by extensions ['colcon_meta']
[2.113s] Level 1:colcon.colcon_core.package_identification:_identify(.) by extension 'colcon_meta'
[2.113s] Level 1:colcon.colcon_core.package_identification:_identify(.) by extensions ['ros']
[2.113s] Level 1:colcon.colcon_core.package_identification:_identify(.) by extension 'ros'
[2.130s] Level 1:colcon.colcon_core.package_identification:_identify(.) by extensions ['cmake', 'python']
[2.130s] Level 1:colcon.colcon_core.package_identification:_identify(.) by extension 'cmake'
[2.130s] Level 1:colcon.colcon_core.package_identification:_identify(.) by extension 'python'
[2.130s] Level 1:colcon.colcon_core.package_identification:_identify(.) by extensions ['python_setup_py']
[2.130s] Level 1:colcon.colcon_core.package_identification:_identify(.) by extension 'python_setup_py'
[2.131s] Level 1:colcon.colcon_core.package_identification:_identify(build) by extensions ['ignore', 'ignore_ament_install']
[2.131s] Level 1:colcon.colcon_core.package_identification:_identify(build) by extension 'ignore'
[2.131s] Level 1:colcon.colcon_core.package_identification:_identify(build) ignored
[2.131s] Level 1:colcon.colcon_core.package_identification:_identify(install) by extensions ['ignore', 'ignore_ament_install']
[2.131s] Level 1:colcon.colcon_core.package_identification:_identify(install) by extension 'ignore'
[2.131s] Level 1:colcon.colcon_core.package_identification:_identify(install) ignored
[2.131s] Level 1:colcon.colcon_core.package_identification:_identify(log) by extensions ['ignore', 'ignore_ament_install']
[2.131s] Level 1:colcon.colcon_core.package_identification:_identify(log) by extension 'ignore'
[2.131s] Level 1:colcon.colcon_core.package_identification:_identify(log) ignored
[2.132s] Level 1:colcon.colcon_core.package_identification:_identify(src) by extensions ['ignore', 'ignore_ament_install']
[2.132s] Level 1:colcon.colcon_core.package_identification:_identify(src) by extension 'ignore'
[2.132s] Level 1:colcon.colcon_core.package_identification:_identify(src) by extension 'ignore_ament_install'
[2.132s] Level 1:colcon.colcon_core.package_identification:_identify(src) by extensions ['colcon_pkg']
[2.132s] Level 1:colcon.colcon_core.package_identification:_identify(src) by extension 'colcon_pkg'
[2.132s] Level 1:colcon.colcon_core.package_identification:_identify(src) by extensions ['colcon_meta']
[2.132s] Level 1:colcon.colcon_core.package_identification:_identify(src) by extension 'colcon_meta'
[2.132s] Level 1:colcon.colcon_core.package_identification:_identify(src) by extensions ['ros']
[2.132s] Level 1:colcon.colcon_core.package_identification:_identify(src) by extension 'ros'
[2.132s] Level 1:colcon.colcon_core.package_identification:_identify(src) by extensions ['cmake', 'python']
[2.132s] Level 1:colcon.colcon_core.package_identification:_identify(src) by extension 'cmake'
[2.132s] Level 1:colcon.colcon_core.package_identification:_identify(src) by extension 'python'
[2.132s] Level 1:colcon.colcon_core.package_identification:_identify(src) by extensions ['python_setup_py']
[2.132s] Level 1:colcon.colcon_core.package_identification:_identify(src) by extension 'python_setup_py'
[2.133s] Level 1:colcon.colcon_core.package_identification:_identify(src/build) by extensions ['ignore', 'ignore_ament_install']
[2.133s] Level 1:colcon.colcon_core.package_identification:_identify(src/build) by extension 'ignore'
[2.133s] Level 1:colcon.colcon_core.package_identification:_identify(src/build) ignored
[2.133s] Level 1:colcon.colcon_core.package_identification:_identify(src/bumperbot_cpp_examples) by extensions ['ignore', 'ignore_ament_install']
[2.133s] Level 1:colcon.colcon_core.package_identification:_identify(src/bumperbot_cpp_examples) by extension 'ignore'
[2.133s] Level 1:colcon.colcon_core.package_identification:_identify(src/bumperbot_cpp_examples) by extension 'ignore_ament_install'
[2.133s] Level 1:colcon.colcon_core.package_identification:_identify(src/bumperbot_cpp_examples) by extensions ['colcon_pkg']
[2.133s] Level 1:colcon.colcon_core.package_identification:_identify(src/bumperbot_cpp_examples) by extension 'colcon_pkg'
[2.133s] Level 1:colcon.colcon_core.package_identification:_identify(src/bumperbot_cpp_examples) by extensions ['colcon_meta']
[2.133s] Level 1:colcon.colcon_core.package_identification:_identify(src/bumperbot_cpp_examples) by extension 'colcon_meta'
[2.133s] Level 1:colcon.colcon_core.package_identification:_identify(src/bumperbot_cpp_examples) by extensions ['ros']
[2.133s] Level 1:colcon.colcon_core.package_identification:_identify(src/bumperbot_cpp_examples) by extension 'ros'
[2.136s] DEBUG:colcon.colcon_core.package_identification:Package 'src/bumperbot_cpp_examples' with type 'ros.ament_cmake' and name 'bumperbot_cpp_examples'
[2.137s] Level 1:colcon.colcon_core.package_identification:_identify(src/bumperbot_py_examples) by extensions ['ignore', 'ignore_ament_install']
[2.137s] Level 1:colcon.colcon_core.package_identification:_identify(src/bumperbot_py_examples) by extension 'ignore'
[2.137s] Level 1:colcon.colcon_core.package_identification:_identify(src/bumperbot_py_examples) by extension 'ignore_ament_install'
[2.137s] Level 1:colcon.colcon_core.package_identification:_identify(src/bumperbot_py_examples) by extensions ['colcon_pkg']
[2.137s] Level 1:colcon.colcon_core.package_identification:_identify(src/bumperbot_py_examples) by extension 'colcon_pkg'
[2.137s] Level 1:colcon.colcon_core.package_identification:_identify(src/bumperbot_py_examples) by extensions ['colcon_meta']
[2.137s] Level 1:colcon.colcon_core.package_identification:_identify(src/bumperbot_py_examples) by extension 'colcon_meta'
[2.137s] Level 1:colcon.colcon_core.package_identification:_identify(src/bumperbot_py_examples) by extensions ['ros']
[2.137s] Level 1:colcon.colcon_core.package_identification:_identify(src/bumperbot_py_examples) by extension 'ros'
[2.138s] DEBUG:colcon.colcon_core.package_identification:Package 'src/bumperbot_py_examples' with type 'ros.ament_python' and name 'bumperbot_py_examples'
[2.138s] Level 1:colcon.colcon_core.package_identification:_identify(src/install) by extensions ['ignore', 'ignore_ament_install']
[2.138s] Level 1:colcon.colcon_core.package_identification:_identify(src/install) by extension 'ignore'
[2.138s] Level 1:colcon.colcon_core.package_identification:_identify(src/install) ignored
[2.139s] Level 1:colcon.colcon_core.package_identification:_identify(src/log) by extensions ['ignore', 'ignore_ament_install']
[2.139s] Level 1:colcon.colcon_core.package_identification:_identify(src/log) by extension 'ignore'
[2.139s] Level 1:colcon.colcon_core.package_identification:_identify(src/log) ignored
[2.139s] Level 1:colcon.colcon_core.package_discovery:discover_packages(recursive) using defaults
[2.139s] Level 1:colcon.colcon_core.package_discovery:discover_packages(ignore) discover
[2.139s] Level 1:colcon.colcon_core.package_discovery:discover_packages(ignore) using defaults
[2.139s] Level 1:colcon.colcon_core.package_discovery:discover_packages(path) discover
[2.139s] Level 1:colcon.colcon_core.package_discovery:discover_packages(path) using defaults
[2.262s] Level 1:colcon.colcon_core.package_discovery:discover_packages(prefix_path) check parameters
[2.262s] Level 1:colcon.colcon_core.package_discovery:discover_packages(prefix_path) discover
[2.306s] DEBUG:colcon.colcon_installed_package_information.package_discovery:Found 343 installed packages in /opt/ros/humble
[2.308s] Level 1:colcon.colcon_core.package_discovery:discover_packages(prefix_path) using defaults
[2.516s] Level 5:colcon.colcon_core.verb:set package 'bumperbot_cpp_examples' build argument 'cmake_args' from command line to 'None'
[2.516s] Level 5:colcon.colcon_core.verb:set package 'bumperbot_cpp_examples' build argument 'cmake_target' from command line to 'None'
[2.516s] Level 5:colcon.colcon_core.verb:set package 'bumperbot_cpp_examples' build argument 'cmake_target_skip_unavailable' from command line to 'False'
[2.516s] Level 5:colcon.colcon_core.verb:set package 'bumperbot_cpp_examples' build argument 'cmake_clean_cache' from command line to 'False'
[2.516s] Level 5:colcon.colcon_core.verb:set package 'bumperbot_cpp_examples' build argument 'cmake_clean_first' from command line to 'False'
[2.516s] Level 5:colcon.colcon_core.verb:set package 'bumperbot_cpp_examples' build argument 'cmake_force_configure' from command line to 'False'
[2.516s] Level 5:colcon.colcon_core.verb:set package 'bumperbot_cpp_examples' build argument 'ament_cmake_args' from command line to 'None'
[2.516s] Level 5:colcon.colcon_core.verb:set package 'bumperbot_cpp_examples' build argument 'catkin_cmake_args' from command line to 'None'
[2.516s] Level 5:colcon.colcon_core.verb:set package 'bumperbot_cpp_examples' build argument 'catkin_skip_building_tests' from command line to 'False'
[2.516s] DEBUG:colcon.colcon_core.verb:Building package 'bumperbot_cpp_examples' with the following arguments: {'ament_cmake_args': None, 'build_base': '/home/albertlor/Academic/self_driving_robot/bumperbot_ws/build/bumperbot_cpp_examples', 'catkin_cmake_args': None, 'catkin_skip_building_tests': False, 'cmake_args': None, 'cmake_clean_cache': False, 'cmake_clean_first': False, 'cmake_force_configure': False, 'cmake_target': None, 'cmake_target_skip_unavailable': False, 'install_base': '/home/albertlor/Academic/self_driving_robot/bumperbot_ws/install/bumperbot_cpp_examples', 'merge_install': False, 'path': '/home/albertlor/Academic/self_driving_robot/bumperbot_ws/src/bumperbot_cpp_examples', 'symlink_install': False, 'test_result_base': None}
[2.546s] Level 5:colcon.colcon_core.verb:set package 'bumperbot_py_examples' build argument 'cmake_args' from command line to 'None'
[2.546s] Level 5:colcon.colcon_core.verb:set package 'bumperbot_py_examples' build argument 'cmake_target' from command line to 'None'
[2.546s] Level 5:colcon.colcon_core.verb:set package 'bumperbot_py_examples' build argument 'cmake_target_skip_unavailable' from command line to 'False'
[2.546s] Level 5:colcon.colcon_core.verb:set package 'bumperbot_py_examples' build argument 'cmake_clean_cache' from command line to 'False'
[2.546s] Level 5:colcon.colcon_core.verb:set package 'bumperbot_py_examples' build argument 'cmake_clean_first' from command line to 'False'
[2.546s] Level 5:colcon.colcon_core.verb:set package 'bumperbot_py_examples' build argument 'cmake_force_configure' from command line to 'False'
[2.546s] Level 5:colcon.colcon_core.verb:set package 'bumperbot_py_examples' build argument 'ament_cmake_args' from command line to 'None'
[2.546s] Level 5:colcon.colcon_core.verb:set package 'bumperbot_py_examples' build argument 'catkin_cmake_args' from command line to 'None'
[2.546s] Level 5:colcon.colcon_core.verb:set package 'bumperbot_py_examples' build argument 'catkin_skip_building_tests' from command line to 'False'
[2.547s] DEBUG:colcon.colcon_core.verb:Building package 'bumperbot_py_examples' with the following arguments: {'ament_cmake_args': None, 'build_base': '/home/albertlor/Academic/self_driving_robot/bumperbot_ws/build/bumperbot_py_examples', 'catkin_cmake_args': None, 'catkin_skip_building_tests': False, 'cmake_args': None, 'cmake_clean_cache': False, 'cmake_clean_first': False, 'cmake_force_configure': False, 'cmake_target': None, 'cmake_target_skip_unavailable': False, 'install_base': '/home/albertlor/Academic/self_driving_robot/bumperbot_ws/install/bumperbot_py_examples', 'merge_install': False, 'path': '/home/albertlor/Academic/self_driving_robot/bumperbot_ws/src/bumperbot_py_examples', 'symlink_install': False, 'test_result_base': None}
[2.575s] INFO:colcon.colcon_core.executor:Executing jobs using 'parallel' executor
[2.604s] DEBUG:colcon.colcon_parallel_executor.executor.parallel:run_until_complete
[2.604s] INFO:colcon.colcon_ros.task.ament_cmake.build:Building ROS package in '/home/albertlor/Academic/self_driving_robot/bumperbot_ws/src/bumperbot_cpp_examples' with build type 'ament_cmake'
[2.605s] INFO:colcon.colcon_cmake.task.cmake.build:Building CMake package in '/home/albertlor/Academic/self_driving_robot/bumperbot_ws/src/bumperbot_cpp_examples'
[2.637s] INFO:colcon.colcon_core.plugin_system:Skipping extension 'colcon_core.shell.bat': Not used on non-Windows systems
[2.637s] INFO:colcon.colcon_core.shell:Skip shell extension 'powershell' for command environment: Not usable outside of PowerShell
[2.637s] DEBUG:colcon.colcon_core.shell:Skip shell extension 'dsv' for command environment
[2.701s] INFO:colcon.colcon_ros.task.ament_python.build:Building ROS package in '/home/albertlor/Academic/self_driving_robot/bumperbot_ws/src/bumperbot_py_examples' with build type 'ament_python'
[2.701s] Level 1:colcon.colcon_core.shell:create_environment_hook('bumperbot_py_examples', 'ament_prefix_path')
[2.734s] INFO:colcon.colcon_core.shell:Creating environment hook '/home/albertlor/Academic/self_driving_robot/bumperbot_ws/install/bumperbot_py_examples/share/bumperbot_py_examples/hook/ament_prefix_path.ps1'
[2.735s] INFO:colcon.colcon_core.shell:Creating environment descriptor '/home/albertlor/Academic/self_driving_robot/bumperbot_ws/install/bumperbot_py_examples/share/bumperbot_py_examples/hook/ament_prefix_path.dsv'
[2.736s] INFO:colcon.colcon_core.shell:Creating environment hook '/home/albertlor/Academic/self_driving_robot/bumperbot_ws/install/bumperbot_py_examples/share/bumperbot_py_examples/hook/ament_prefix_path.sh'
[2.767s] INFO:colcon.colcon_core.shell:Skip shell extension 'powershell' for command environment: Not usable outside of PowerShell
[2.767s] DEBUG:colcon.colcon_core.shell:Skip shell extension 'dsv' for command environment
[2.837s] DEBUG:colcon.colcon_core.event_handler.log_command:Invoking command in '/home/albertlor/Academic/self_driving_robot/bumperbot_ws/build/bumperbot_cpp_examples': CMAKE_PREFIX_PATH=/opt/ros/humble /usr/bin/cmake --build /home/albertlor/Academic/self_driving_robot/bumperbot_ws/build/bumperbot_cpp_examples -- -j8 -l8
[3.179s] INFO:colcon.colcon_core.task.python.build:Building Python package in '/home/albertlor/Academic/self_driving_robot/bumperbot_ws/src/bumperbot_py_examples'
[3.200s] INFO:colcon.colcon_core.shell:Skip shell extension 'powershell' for command environment: Not usable outside of PowerShell
[3.200s] DEBUG:colcon.colcon_core.shell:Skip shell extension 'dsv' for command environment
[3.701s] DEBUG:colcon.colcon_core.event_handler.log_command:Invoking command in '/home/albertlor/Academic/self_driving_robot/bumperbot_ws/src/bumperbot_py_examples': PYTHONPATH=/home/albertlor/Academic/self_driving_robot/bumperbot_ws/build/bumperbot_py_examples/prefix_override:/home/albertlor/Academic/self_driving_robot/bumperbot_ws/install/bumperbot_py_examples/lib/python3.10/site-packages:${PYTHONPATH} /usr/bin/python3 setup.py egg_info --egg-base ../../build/bumperbot_py_examples build --build-base /home/albertlor/Academic/self_driving_robot/bumperbot_ws/build/bumperbot_py_examples/build install --record /home/albertlor/Academic/self_driving_robot/bumperbot_ws/build/bumperbot_py_examples/install.log --single-version-externally-managed
[4.050s] DEBUG:colcon.colcon_core.event_handler.log_command:Invoked command in '/home/albertlor/Academic/self_driving_robot/bumperbot_ws/src/bumperbot_py_examples' returned '0': PYTHONPATH=/home/albertlor/Academic/self_driving_robot/bumperbot_ws/build/bumperbot_py_examples/prefix_override:/home/albertlor/Academic/self_driving_robot/bumperbot_ws/install/bumperbot_py_examples/lib/python3.10/site-packages:${PYTHONPATH} /usr/bin/python3 setup.py egg_info --egg-base ../../build/bumperbot_py_examples build --build-base /home/albertlor/Academic/self_driving_robot/bumperbot_ws/build/bumperbot_py_examples/build install --record /home/albertlor/Academic/self_driving_robot/bumperbot_ws/build/bumperbot_py_examples/install.log --single-version-externally-managed
[4.074s] Level 1:colcon.colcon_core.environment:checking '/home/albertlor/Academic/self_driving_robot/bumperbot_ws/install/bumperbot_py_examples' for CMake module files
[4.074s] Level 1:colcon.colcon_core.environment:checking '/home/albertlor/Academic/self_driving_robot/bumperbot_ws/install/bumperbot_py_examples' for CMake config files
[4.075s] Level 1:colcon.colcon_core.environment:checking '/home/albertlor/Academic/self_driving_robot/bumperbot_ws/install/bumperbot_py_examples/lib'
[4.075s] Level 1:colcon.colcon_core.environment:checking '/home/albertlor/Academic/self_driving_robot/bumperbot_ws/install/bumperbot_py_examples/bin'
[4.075s] Level 1:colcon.colcon_core.environment:checking '/home/albertlor/Academic/self_driving_robot/bumperbot_ws/install/bumperbot_py_examples/lib/pkgconfig/bumperbot_py_examples.pc'
[4.075s] Level 1:colcon.colcon_core.environment:checking '/home/albertlor/Academic/self_driving_robot/bumperbot_ws/install/bumperbot_py_examples/lib/python3.10/site-packages'
[4.075s] Level 1:colcon.colcon_core.shell:create_environment_hook('bumperbot_py_examples', 'pythonpath')
[4.095s] INFO:colcon.colcon_core.shell:Creating environment hook '/home/albertlor/Academic/self_driving_robot/bumperbot_ws/install/bumperbot_py_examples/share/bumperbot_py_examples/hook/pythonpath.ps1'
[4.095s] INFO:colcon.colcon_core.shell:Creating environment descriptor '/home/albertlor/Academic/self_driving_robot/bumperbot_ws/install/bumperbot_py_examples/share/bumperbot_py_examples/hook/pythonpath.dsv'
[4.096s] INFO:colcon.colcon_core.shell:Creating environment hook '/home/albertlor/Academic/self_driving_robot/bumperbot_ws/install/bumperbot_py_examples/share/bumperbot_py_examples/hook/pythonpath.sh'
[4.096s] Level 1:colcon.colcon_core.environment:checking '/home/albertlor/Academic/self_driving_robot/bumperbot_ws/install/bumperbot_py_examples/bin'
[4.096s] Level 1:colcon.colcon_core.environment:create_environment_scripts_only(bumperbot_py_examples)
[4.115s] INFO:colcon.colcon_core.shell:Creating package script '/home/albertlor/Academic/self_driving_robot/bumperbot_ws/install/bumperbot_py_examples/share/bumperbot_py_examples/package.ps1'
[4.116s] INFO:colcon.colcon_core.shell:Creating package descriptor '/home/albertlor/Academic/self_driving_robot/bumperbot_ws/install/bumperbot_py_examples/share/bumperbot_py_examples/package.dsv'
[4.117s] INFO:colcon.colcon_core.shell:Creating package script '/home/albertlor/Academic/self_driving_robot/bumperbot_ws/install/bumperbot_py_examples/share/bumperbot_py_examples/package.sh'
[4.117s] INFO:colcon.colcon_core.shell:Creating package script '/home/albertlor/Academic/self_driving_robot/bumperbot_ws/install/bumperbot_py_examples/share/bumperbot_py_examples/package.bash'
[4.118s] INFO:colcon.colcon_core.shell:Creating package script '/home/albertlor/Academic/self_driving_robot/bumperbot_ws/install/bumperbot_py_examples/share/bumperbot_py_examples/package.zsh'
[4.119s] Level 1:colcon.colcon_core.environment:create_file_with_runtime_dependencies(/home/albertlor/Academic/self_driving_robot/bumperbot_ws/install/bumperbot_py_examples/share/colcon-core/packages/bumperbot_py_examples)
[11.826s] DEBUG:colcon.colcon_core.event_handler.log_command:Invoked command in '/home/albertlor/Academic/self_driving_robot/bumperbot_ws/build/bumperbot_cpp_examples' returned '0': CMAKE_PREFIX_PATH=/opt/ros/humble /usr/bin/cmake --build /home/albertlor/Academic/self_driving_robot/bumperbot_ws/build/bumperbot_cpp_examples -- -j8 -l8
[11.876s] DEBUG:colcon.colcon_core.event_handler.log_command:Invoking command in '/home/albertlor/Academic/self_driving_robot/bumperbot_ws/build/bumperbot_cpp_examples': CMAKE_PREFIX_PATH=/opt/ros/humble /usr/bin/cmake --install /home/albertlor/Academic/self_driving_robot/bumperbot_ws/build/bumperbot_cpp_examples
[11.893s] Level 1:colcon.colcon_core.environment:create_environment_scripts_only(bumperbot_cpp_examples)
[11.894s] DEBUG:colcon.colcon_core.event_handler.log_command:Invoked command in '/home/albertlor/Academic/self_driving_robot/bumperbot_ws/build/bumperbot_cpp_examples' returned '0': CMAKE_PREFIX_PATH=/opt/ros/humble /usr/bin/cmake --install /home/albertlor/Academic/self_driving_robot/bumperbot_ws/build/bumperbot_cpp_examples
[11.933s] Level 1:colcon.colcon_core.environment:checking '/home/albertlor/Academic/self_driving_robot/bumperbot_ws/install/bumperbot_cpp_examples' for CMake module files
[11.934s] Level 1:colcon.colcon_core.environment:checking '/home/albertlor/Academic/self_driving_robot/bumperbot_ws/install/bumperbot_cpp_examples' for CMake config files
[11.935s] Level 1:colcon.colcon_core.shell:create_environment_hook('bumperbot_cpp_examples', 'cmake_prefix_path')
[11.966s] INFO:colcon.colcon_core.shell:Creating environment hook '/home/albertlor/Academic/self_driving_robot/bumperbot_ws/install/bumperbot_cpp_examples/share/bumperbot_cpp_examples/hook/cmake_prefix_path.ps1'
[11.967s] INFO:colcon.colcon_core.shell:Creating environment descriptor '/home/albertlor/Academic/self_driving_robot/bumperbot_ws/install/bumperbot_cpp_examples/share/bumperbot_cpp_examples/hook/cmake_prefix_path.dsv'
[11.968s] INFO:colcon.colcon_core.shell:Creating environment hook '/home/albertlor/Academic/self_driving_robot/bumperbot_ws/install/bumperbot_cpp_examples/share/bumperbot_cpp_examples/hook/cmake_prefix_path.sh'
[11.969s] Level 1:colcon.colcon_core.environment:checking '/home/albertlor/Academic/self_driving_robot/bumperbot_ws/install/bumperbot_cpp_examples/lib'
[11.969s] Level 1:colcon.colcon_core.environment:checking '/home/albertlor/Academic/self_driving_robot/bumperbot_ws/install/bumperbot_cpp_examples/bin'
[11.970s] Level 1:colcon.colcon_core.environment:checking '/home/albertlor/Academic/self_driving_robot/bumperbot_ws/install/bumperbot_cpp_examples/lib/pkgconfig/bumperbot_cpp_examples.pc'
[11.970s] Level 1:colcon.colcon_core.environment:checking '/home/albertlor/Academic/self_driving_robot/bumperbot_ws/install/bumperbot_cpp_examples/lib/python3.10/site-packages'
[11.971s] Level 1:colcon.colcon_core.environment:checking '/home/albertlor/Academic/self_driving_robot/bumperbot_ws/install/bumperbot_cpp_examples/bin'
[12.002s] INFO:colcon.colcon_core.shell:Creating package script '/home/albertlor/Academic/self_driving_robot/bumperbot_ws/install/bumperbot_cpp_examples/share/bumperbot_cpp_examples/package.ps1'
[12.003s] INFO:colcon.colcon_core.shell:Creating package descriptor '/home/albertlor/Academic/self_driving_robot/bumperbot_ws/install/bumperbot_cpp_examples/share/bumperbot_cpp_examples/package.dsv'
[12.004s] INFO:colcon.colcon_core.shell:Creating package script '/home/albertlor/Academic/self_driving_robot/bumperbot_ws/install/bumperbot_cpp_examples/share/bumperbot_cpp_examples/package.sh'
[12.005s] INFO:colcon.colcon_core.shell:Creating package script '/home/albertlor/Academic/self_driving_robot/bumperbot_ws/install/bumperbot_cpp_examples/share/bumperbot_cpp_examples/package.bash'
[12.005s] INFO:colcon.colcon_core.shell:Creating package script '/home/albertlor/Academic/self_driving_robot/bumperbot_ws/install/bumperbot_cpp_examples/share/bumperbot_cpp_examples/package.zsh'
[12.006s] Level 1:colcon.colcon_core.environment:create_file_with_runtime_dependencies(/home/albertlor/Academic/self_driving_robot/bumperbot_ws/install/bumperbot_cpp_examples/share/colcon-core/packages/bumperbot_cpp_examples)
[12.072s] Level 1:colcon.colcon_core.environment:create_environment_scripts_only(bumperbot_cpp_examples)
[12.103s] Level 1:colcon.colcon_core.environment:checking '/home/albertlor/Academic/self_driving_robot/bumperbot_ws/install/bumperbot_cpp_examples' for CMake module files
[12.104s] Level 1:colcon.colcon_core.environment:checking '/home/albertlor/Academic/self_driving_robot/bumperbot_ws/install/bumperbot_cpp_examples' for CMake config files
[12.105s] Level 1:colcon.colcon_core.shell:create_environment_hook('bumperbot_cpp_examples', 'cmake_prefix_path')
[12.136s] INFO:colcon.colcon_core.shell:Creating environment hook '/home/albertlor/Academic/self_driving_robot/bumperbot_ws/install/bumperbot_cpp_examples/share/bumperbot_cpp_examples/hook/cmake_prefix_path.ps1'
[12.137s] INFO:colcon.colcon_core.shell:Creating environment descriptor '/home/albertlor/Academic/self_driving_robot/bumperbot_ws/install/bumperbot_cpp_examples/share/bumperbot_cpp_examples/hook/cmake_prefix_path.dsv'
[12.137s] INFO:colcon.colcon_core.shell:Creating environment hook '/home/albertlor/Academic/self_driving_robot/bumperbot_ws/install/bumperbot_cpp_examples/share/bumperbot_cpp_examples/hook/cmake_prefix_path.sh'
[12.139s] Level 1:colcon.colcon_core.environment:checking '/home/albertlor/Academic/self_driving_robot/bumperbot_ws/install/bumperbot_cpp_examples/lib'
[12.139s] Level 1:colcon.colcon_core.environment:checking '/home/albertlor/Academic/self_driving_robot/bumperbot_ws/install/bumperbot_cpp_examples/bin'
[12.139s] Level 1:colcon.colcon_core.environment:checking '/home/albertlor/Academic/self_driving_robot/bumperbot_ws/install/bumperbot_cpp_examples/lib/pkgconfig/bumperbot_cpp_examples.pc'
[12.139s] Level 1:colcon.colcon_core.environment:checking '/home/albertlor/Academic/self_driving_robot/bumperbot_ws/install/bumperbot_cpp_examples/lib/python3.10/site-packages'
[12.140s] Level 1:colcon.colcon_core.environment:checking '/home/albertlor/Academic/self_driving_robot/bumperbot_ws/install/bumperbot_cpp_examples/bin'
[12.172s] INFO:colcon.colcon_core.shell:Creating package script '/home/albertlor/Academic/self_driving_robot/bumperbot_ws/install/bumperbot_cpp_examples/share/bumperbot_cpp_examples/package.ps1'
[12.173s] INFO:colcon.colcon_core.shell:Creating package descriptor '/home/albertlor/Academic/self_driving_robot/bumperbot_ws/install/bumperbot_cpp_examples/share/bumperbot_cpp_examples/package.dsv'
[12.174s] INFO:colcon.colcon_core.shell:Creating package script '/home/albertlor/Academic/self_driving_robot/bumperbot_ws/install/bumperbot_cpp_examples/share/bumperbot_cpp_examples/package.sh'
[12.175s] INFO:colcon.colcon_core.shell:Creating package script '/home/albertlor/Academic/self_driving_robot/bumperbot_ws/install/bumperbot_cpp_examples/share/bumperbot_cpp_examples/package.bash'
[12.176s] INFO:colcon.colcon_core.shell:Creating package script '/home/albertlor/Academic/self_driving_robot/bumperbot_ws/install/bumperbot_cpp_examples/share/bumperbot_cpp_examples/package.zsh'
[12.177s] Level 1:colcon.colcon_core.environment:create_file_with_runtime_dependencies(/home/albertlor/Academic/self_driving_robot/bumperbot_ws/install/bumperbot_cpp_examples/share/colcon-core/packages/bumperbot_cpp_examples)
[12.177s] DEBUG:colcon.colcon_parallel_executor.executor.parallel:closing loop
[12.178s] DEBUG:colcon.colcon_parallel_executor.executor.parallel:loop closed
[12.178s] DEBUG:colcon.colcon_parallel_executor.executor.parallel:run_until_complete finished with '0'
[12.178s] DEBUG:colcon.colcon_core.event_reactor:joining thread
[12.223s] INFO:colcon.colcon_core.plugin_system:Skipping extension 'colcon_notification.desktop_notification.terminal_notifier': Not used on non-Darwin systems
[12.223s] INFO:colcon.colcon_core.plugin_system:Skipping extension 'colcon_notification.desktop_notification.win32': Not used on non-Windows systems
[12.223s] INFO:colcon.colcon_notification.desktop_notification:Sending desktop notification using 'notify2'
[12.243s] DEBUG:colcon.colcon_core.event_reactor:joined thread
[12.275s] INFO:colcon.colcon_core.shell:Creating prefix script '/home/albertlor/Academic/self_driving_robot/bumperbot_ws/install/local_setup.ps1'
[12.276s] INFO:colcon.colcon_core.shell:Creating prefix util module '/home/albertlor/Academic/self_driving_robot/bumperbot_ws/install/_local_setup_util_ps1.py'
[12.279s] INFO:colcon.colcon_core.shell:Creating prefix chain script '/home/albertlor/Academic/self_driving_robot/bumperbot_ws/install/setup.ps1'
[12.312s] INFO:colcon.colcon_core.shell:Creating prefix script '/home/albertlor/Academic/self_driving_robot/bumperbot_ws/install/local_setup.sh'
[12.313s] INFO:colcon.colcon_core.shell:Creating prefix util module '/home/albertlor/Academic/self_driving_robot/bumperbot_ws/install/_local_setup_util_sh.py'
[12.313s] INFO:colcon.colcon_core.shell:Creating prefix chain script '/home/albertlor/Academic/self_driving_robot/bumperbot_ws/install/setup.sh'
[12.346s] INFO:colcon.colcon_core.shell:Creating prefix script '/home/albertlor/Academic/self_driving_robot/bumperbot_ws/install/local_setup.bash'
[12.347s] INFO:colcon.colcon_core.shell:Creating prefix chain script '/home/albertlor/Academic/self_driving_robot/bumperbot_ws/install/setup.bash'
[12.379s] INFO:colcon.colcon_core.shell:Creating prefix script '/home/albertlor/Academic/self_driving_robot/bumperbot_ws/install/local_setup.zsh'
[12.380s] INFO:colcon.colcon_core.shell:Creating prefix chain script '/home/albertlor/Academic/self_driving_robot/bumperbot_ws/install/setup.zsh'
