[0.764s] Invoking command in '/home/albertlor/Academic/self_driving_robot/bumperbot_ws/src/bumperbot_py_examples': PYTHONPATH=/home/albertlor/Academic/self_driving_robot/bumperbot_ws/build/bumperbot_py_examples/prefix_override:/home/albertlor/Academic/self_driving_robot/bumperbot_ws/install/bumperbot_py_examples/lib/python3.10/site-packages:${PYTHONPATH} /usr/bin/python3 setup.py egg_info --egg-base ../../build/bumperbot_py_examples build --build-base /home/albertlor/Academic/self_driving_robot/bumperbot_ws/build/bumperbot_py_examples/build install --record /home/albertlor/Academic/self_driving_robot/bumperbot_ws/build/bumperbot_py_examples/install.log --single-version-externally-managed
[1.011s] running egg_info
[1.012s] writing ../../build/bumperbot_py_examples/bumperbot_py_examples.egg-info/PKG-INFO
[1.012s] writing dependency_links to ../../build/bumperbot_py_examples/bumperbot_py_examples.egg-info/dependency_links.txt
[1.012s] writing entry points to ../../build/bumperbot_py_examples/bumperbot_py_examples.egg-info/entry_points.txt
[1.012s] writing requirements to ../../build/bumperbot_py_examples/bumperbot_py_examples.egg-info/requires.txt
[1.013s] writing top-level names to ../../build/bumperbot_py_examples/bumperbot_py_examples.egg-info/top_level.txt
[1.014s] reading manifest file '../../build/bumperbot_py_examples/bumperbot_py_examples.egg-info/SOURCES.txt'
[1.015s] writing manifest file '../../build/bumperbot_py_examples/bumperbot_py_examples.egg-info/SOURCES.txt'
[1.015s] running build
[1.015s] running build_py
[1.015s] /usr/lib/python3/dist-packages/setuptools/command/install.py:34: SetuptoolsDeprecationWarning: setup.py install is deprecated. Use build and pip and other standards-based tools.
[1.016s]   warnings.warn(
[1.016s] running install
[1.016s] running install_lib
[1.016s] running install_data
[1.017s] running install_egg_info
[1.019s] removing '/home/albertlor/Academic/self_driving_robot/bumperbot_ws/install/bumperbot_py_examples/lib/python3.10/site-packages/bumperbot_py_examples-0.0.0-py3.10.egg-info' (and everything under it)
[1.020s] Copying ../../build/bumperbot_py_examples/bumperbot_py_examples.egg-info to /home/albertlor/Academic/self_driving_robot/bumperbot_ws/install/bumperbot_py_examples/lib/python3.10/site-packages/bumperbot_py_examples-0.0.0-py3.10.egg-info
[1.020s] running install_scripts
[1.040s] writing list of installed files to '/home/albertlor/Academic/self_driving_robot/bumperbot_ws/build/bumperbot_py_examples/install.log'
[1.063s] Invoked command in '/home/albertlor/Academic/self_driving_robot/bumperbot_ws/src/bumperbot_py_examples' returned '0': PYTHONPATH=/home/albertlor/Academic/self_driving_robot/bumperbot_ws/build/bumperbot_py_examples/prefix_override:/home/albertlor/Academic/self_driving_robot/bumperbot_ws/install/bumperbot_py_examples/lib/python3.10/site-packages:${PYTHONPATH} /usr/bin/python3 setup.py egg_info --egg-base ../../build/bumperbot_py_examples build --build-base /home/albertlor/Academic/self_driving_robot/bumperbot_ws/build/bumperbot_py_examples/build install --record /home/albertlor/Academic/self_driving_robot/bumperbot_ws/build/bumperbot_py_examples/install.log --single-version-externally-managed
