[0.133s] Invoking command in '/home/albertlor/Academic/self_driving_robot/bumperbot_ws/src/build/bumperbot_cpp_examples': CMAKE_PREFIX_PATH=/opt/ros/humble /usr/bin/cmake /home/albertlor/Academic/self_driving_robot/bumperbot_ws/src/bumperbot_cpp_examples -DCMAKE_INSTALL_PREFIX=/home/albertlor/Academic/self_driving_robot/bumperbot_ws/src/install/bumperbot_cpp_examples
[0.224s] -- The C compiler identification is GNU 11.4.0
[0.305s] -- The CXX compiler identification is GNU 11.4.0
[0.315s] -- Detecting C compiler ABI info
[0.382s] -- Detecting C compiler ABI info - done
[0.390s] -- Check for working C compiler: /usr/bin/cc - skipped
[0.391s] -- Detecting C compile features
[0.391s] -- Detecting C compile features - done
[0.395s] -- Detecting CXX compiler ABI info
[0.472s] -- Detecting CXX compiler ABI info - done
[0.480s] -- Check for working CXX compiler: /usr/bin/c++ - skipped
[0.481s] -- Detecting CXX compile features
[0.481s] -- Detecting CXX compile features - done
[0.488s] -- Found ament_cmake: 1.3.7 (/opt/ros/humble/share/ament_cmake/cmake)
[0.661s] -- Found Python3: /usr/bin/python3.10 (found version "3.10.12") found components: Interpreter 
[0.774s] -- Found ament_lint_auto: 0.12.10 (/opt/ros/humble/share/ament_lint_auto/cmake)
[0.859s] -- Added test 'lint_cmake' to check CMake code style
[0.860s] -- Added test 'xmllint' to check XML markup files
[0.862s] -- Configuring done
[0.865s] -- Generating done
[0.865s] -- Build files have been written to: /home/albertlor/Academic/self_driving_robot/bumperbot_ws/src/build/bumperbot_cpp_examples
[0.870s] Invoked command in '/home/albertlor/Academic/self_driving_robot/bumperbot_ws/src/build/bumperbot_cpp_examples' returned '0': CMAKE_PREFIX_PATH=/opt/ros/humble /usr/bin/cmake /home/albertlor/Academic/self_driving_robot/bumperbot_ws/src/bumperbot_cpp_examples -DCMAKE_INSTALL_PREFIX=/home/albertlor/Academic/self_driving_robot/bumperbot_ws/src/install/bumperbot_cpp_examples
[0.872s] Invoking command in '/home/albertlor/Academic/self_driving_robot/bumperbot_ws/src/build/bumperbot_cpp_examples': CMAKE_PREFIX_PATH=/opt/ros/humble /usr/bin/cmake --build /home/albertlor/Academic/self_driving_robot/bumperbot_ws/src/build/bumperbot_cpp_examples -- -j8 -l8
[0.907s] Invoked command in '/home/albertlor/Academic/self_driving_robot/bumperbot_ws/src/build/bumperbot_cpp_examples' returned '0': CMAKE_PREFIX_PATH=/opt/ros/humble /usr/bin/cmake --build /home/albertlor/Academic/self_driving_robot/bumperbot_ws/src/build/bumperbot_cpp_examples -- -j8 -l8
[0.936s] Invoking command in '/home/albertlor/Academic/self_driving_robot/bumperbot_ws/src/build/bumperbot_cpp_examples': CMAKE_PREFIX_PATH=/opt/ros/humble /usr/bin/cmake --install /home/albertlor/Academic/self_driving_robot/bumperbot_ws/src/build/bumperbot_cpp_examples
[0.943s] -- Install configuration: ""
[0.943s] -- Installing: /home/albertlor/Academic/self_driving_robot/bumperbot_ws/src/install/bumperbot_cpp_examples/share/ament_index/resource_index/package_run_dependencies/bumperbot_cpp_examples
[0.943s] -- Installing: /home/albertlor/Academic/self_driving_robot/bumperbot_ws/src/install/bumperbot_cpp_examples/share/ament_index/resource_index/parent_prefix_path/bumperbot_cpp_examples
[0.943s] -- Installing: /home/albertlor/Academic/self_driving_robot/bumperbot_ws/src/install/bumperbot_cpp_examples/share/bumperbot_cpp_examples/environment/ament_prefix_path.sh
[0.943s] -- Installing: /home/albertlor/Academic/self_driving_robot/bumperbot_ws/src/install/bumperbot_cpp_examples/share/bumperbot_cpp_examples/environment/ament_prefix_path.dsv
[0.943s] -- Installing: /home/albertlor/Academic/self_driving_robot/bumperbot_ws/src/install/bumperbot_cpp_examples/share/bumperbot_cpp_examples/environment/path.sh
[0.943s] -- Installing: /home/albertlor/Academic/self_driving_robot/bumperbot_ws/src/install/bumperbot_cpp_examples/share/bumperbot_cpp_examples/environment/path.dsv
[0.944s] -- Installing: /home/albertlor/Academic/self_driving_robot/bumperbot_ws/src/install/bumperbot_cpp_examples/share/bumperbot_cpp_examples/local_setup.bash
[0.944s] -- Installing: /home/albertlor/Academic/self_driving_robot/bumperbot_ws/src/install/bumperbot_cpp_examples/share/bumperbot_cpp_examples/local_setup.sh
[0.944s] -- Installing: /home/albertlor/Academic/self_driving_robot/bumperbot_ws/src/install/bumperbot_cpp_examples/share/bumperbot_cpp_examples/local_setup.zsh
[0.944s] -- Installing: /home/albertlor/Academic/self_driving_robot/bumperbot_ws/src/install/bumperbot_cpp_examples/share/bumperbot_cpp_examples/local_setup.dsv
[0.944s] -- Installing: /home/albertlor/Academic/self_driving_robot/bumperbot_ws/src/install/bumperbot_cpp_examples/share/bumperbot_cpp_examples/package.dsv
[0.944s] -- Installing: /home/albertlor/Academic/self_driving_robot/bumperbot_ws/src/install/bumperbot_cpp_examples/share/ament_index/resource_index/packages/bumperbot_cpp_examples
[0.944s] -- Installing: /home/albertlor/Academic/self_driving_robot/bumperbot_ws/src/install/bumperbot_cpp_examples/share/bumperbot_cpp_examples/cmake/bumperbot_cpp_examplesConfig.cmake
[0.944s] -- Installing: /home/albertlor/Academic/self_driving_robot/bumperbot_ws/src/install/bumperbot_cpp_examples/share/bumperbot_cpp_examples/cmake/bumperbot_cpp_examplesConfig-version.cmake
[0.944s] -- Installing: /home/albertlor/Academic/self_driving_robot/bumperbot_ws/src/install/bumperbot_cpp_examples/share/bumperbot_cpp_examples/package.xml
[0.947s] Invoked command in '/home/albertlor/Academic/self_driving_robot/bumperbot_ws/src/build/bumperbot_cpp_examples' returned '0': CMAKE_PREFIX_PATH=/opt/ros/humble /usr/bin/cmake --install /home/albertlor/Academic/self_driving_robot/bumperbot_ws/src/build/bumperbot_cpp_examples
