[0.800s] Invoking command in '/home/albertlor/Academic/self_driving_robot/bumperbot_ws/src/bumperbot_py_examples': PYTHONPATH=/home/albertlor/Academic/self_driving_robot/bumperbot_ws/src/build/bumperbot_py_examples/prefix_override:/home/albertlor/Academic/self_driving_robot/bumperbot_ws/src/install/bumperbot_py_examples/lib/python3.10/site-packages:${PYTHONPATH} /usr/bin/python3 setup.py egg_info --egg-base ../build/bumperbot_py_examples build --build-base /home/albertlor/Academic/self_driving_robot/bumperbot_ws/src/build/bumperbot_py_examples/build install --record /home/albertlor/Academic/self_driving_robot/bumperbot_ws/src/build/bumperbot_py_examples/install.log --single-version-externally-managed
[1.056s] running egg_info
[1.057s] creating ../build/bumperbot_py_examples/bumperbot_py_examples.egg-info
[1.057s] writing ../build/bumperbot_py_examples/bumperbot_py_examples.egg-info/PKG-INFO
[1.057s] writing dependency_links to ../build/bumperbot_py_examples/bumperbot_py_examples.egg-info/dependency_links.txt
[1.057s] writing entry points to ../build/bumperbot_py_examples/bumperbot_py_examples.egg-info/entry_points.txt
[1.058s] writing requirements to ../build/bumperbot_py_examples/bumperbot_py_examples.egg-info/requires.txt
[1.058s] writing top-level names to ../build/bumperbot_py_examples/bumperbot_py_examples.egg-info/top_level.txt
[1.058s] writing manifest file '../build/bumperbot_py_examples/bumperbot_py_examples.egg-info/SOURCES.txt'
[1.060s] reading manifest file '../build/bumperbot_py_examples/bumperbot_py_examples.egg-info/SOURCES.txt'
[1.061s] writing manifest file '../build/bumperbot_py_examples/bumperbot_py_examples.egg-info/SOURCES.txt'
[1.061s] running build
[1.061s] running build_py
[1.062s] creating /home/albertlor/Academic/self_driving_robot/bumperbot_ws/src/build/bumperbot_py_examples/build
[1.062s] creating /home/albertlor/Academic/self_driving_robot/bumperbot_ws/src/build/bumperbot_py_examples/build/lib
[1.062s] creating /home/albertlor/Academic/self_driving_robot/bumperbot_ws/src/build/bumperbot_py_examples/build/lib/bumperbot_py_examples
[1.062s] copying bumperbot_py_examples/__init__.py -> /home/albertlor/Academic/self_driving_robot/bumperbot_ws/src/build/bumperbot_py_examples/build/lib/bumperbot_py_examples
[1.062s] running install
[1.062s] /usr/lib/python3/dist-packages/setuptools/command/install.py:34: SetuptoolsDeprecationWarning: setup.py install is deprecated. Use build and pip and other standards-based tools.
[1.062s]   warnings.warn(
[1.062s] running install_lib
[1.063s] creating /home/albertlor/Academic/self_driving_robot/bumperbot_ws/src/install/bumperbot_py_examples/lib/python3.10/site-packages/bumperbot_py_examples
[1.063s] copying /home/albertlor/Academic/self_driving_robot/bumperbot_ws/src/build/bumperbot_py_examples/build/lib/bumperbot_py_examples/__init__.py -> /home/albertlor/Academic/self_driving_robot/bumperbot_ws/src/install/bumperbot_py_examples/lib/python3.10/site-packages/bumperbot_py_examples
[1.063s] byte-compiling /home/albertlor/Academic/self_driving_robot/bumperbot_ws/src/install/bumperbot_py_examples/lib/python3.10/site-packages/bumperbot_py_examples/__init__.py to __init__.cpython-310.pyc
[1.064s] running install_data
[1.064s] creating /home/albertlor/Academic/self_driving_robot/bumperbot_ws/src/install/bumperbot_py_examples/share/ament_index
[1.064s] creating /home/albertlor/Academic/self_driving_robot/bumperbot_ws/src/install/bumperbot_py_examples/share/ament_index/resource_index
[1.065s] creating /home/albertlor/Academic/self_driving_robot/bumperbot_ws/src/install/bumperbot_py_examples/share/ament_index/resource_index/packages
[1.065s] copying resource/bumperbot_py_examples -> /home/albertlor/Academic/self_driving_robot/bumperbot_ws/src/install/bumperbot_py_examples/share/ament_index/resource_index/packages
[1.065s] copying package.xml -> /home/albertlor/Academic/self_driving_robot/bumperbot_ws/src/install/bumperbot_py_examples/share/bumperbot_py_examples
[1.065s] running install_egg_info
[1.067s] Copying ../build/bumperbot_py_examples/bumperbot_py_examples.egg-info to /home/albertlor/Academic/self_driving_robot/bumperbot_ws/src/install/bumperbot_py_examples/lib/python3.10/site-packages/bumperbot_py_examples-0.0.0-py3.10.egg-info
[1.068s] running install_scripts
[1.088s] writing list of installed files to '/home/albertlor/Academic/self_driving_robot/bumperbot_ws/src/build/bumperbot_py_examples/install.log'
[1.112s] Invoked command in '/home/albertlor/Academic/self_driving_robot/bumperbot_ws/src/bumperbot_py_examples' returned '0': PYTHONPATH=/home/albertlor/Academic/self_driving_robot/bumperbot_ws/src/build/bumperbot_py_examples/prefix_override:/home/albertlor/Academic/self_driving_robot/bumperbot_ws/src/install/bumperbot_py_examples/lib/python3.10/site-packages:${PYTHONPATH} /usr/bin/python3 setup.py egg_info --egg-base ../build/bumperbot_py_examples build --build-base /home/albertlor/Academic/self_driving_robot/bumperbot_ws/src/build/bumperbot_py_examples/build install --record /home/albertlor/Academic/self_driving_robot/bumperbot_ws/src/build/bumperbot_py_examples/install.log --single-version-externally-managed
