[0.130s] Invoking command in '/home/albertlor/Academic/self_driving_robot/bumperbot_ws/build/bumperbot_cpp_examples': CMAKE_PREFIX_PATH=/opt/ros/humble /usr/bin/cmake /home/albertlor/Academic/self_driving_robot/bumperbot_ws/src/bumperbot_cpp_examples -DCMAKE_INSTALL_PREFIX=/home/albertlor/Academic/self_driving_robot/bumperbot_ws/install/bumperbot_cpp_examples
[0.179s] -- The C compiler identification is GNU 11.4.0
[0.233s] -- The CXX compiler identification is GNU 11.4.0
[0.239s] -- Detecting C compiler ABI info
[0.302s] -- Detecting C compiler ABI info - done
[0.309s] -- Check for working C compiler: /usr/bin/cc - skipped
[0.310s] -- Detecting C compile features
[0.310s] -- Detecting C compile features - done
[0.313s] -- Detecting CXX compiler ABI info
[0.388s] -- Detecting CXX compiler ABI info - done
[0.396s] -- Check for working CXX compiler: /usr/bin/c++ - skipped
[0.396s] -- Detecting CXX compile features
[0.397s] -- Detecting CXX compile features - done
[0.399s] -- Found ament_cmake: 1.3.7 (/opt/ros/humble/share/ament_cmake/cmake)
[0.563s] -- Found Python3: /usr/bin/python3.10 (found version "3.10.12") found components: Interpreter 
[0.646s] -- Found ament_lint_auto: 0.12.10 (/opt/ros/humble/share/ament_lint_auto/cmake)
[0.720s] -- Added test 'lint_cmake' to check CMake code style
[0.721s] -- Added test 'xmllint' to check XML markup files
[0.722s] -- Configuring done
[0.724s] -- Generating done
[0.725s] -- Build files have been written to: /home/albertlor/Academic/self_driving_robot/bumperbot_ws/build/bumperbot_cpp_examples
[0.730s] Invoked command in '/home/albertlor/Academic/self_driving_robot/bumperbot_ws/build/bumperbot_cpp_examples' returned '0': CMAKE_PREFIX_PATH=/opt/ros/humble /usr/bin/cmake /home/albertlor/Academic/self_driving_robot/bumperbot_ws/src/bumperbot_cpp_examples -DCMAKE_INSTALL_PREFIX=/home/albertlor/Academic/self_driving_robot/bumperbot_ws/install/bumperbot_cpp_examples
[0.731s] Invoking command in '/home/albertlor/Academic/self_driving_robot/bumperbot_ws/build/bumperbot_cpp_examples': CMAKE_PREFIX_PATH=/opt/ros/humble /usr/bin/cmake --build /home/albertlor/Academic/self_driving_robot/bumperbot_ws/build/bumperbot_cpp_examples -- -j8 -l8
[0.765s] Invoked command in '/home/albertlor/Academic/self_driving_robot/bumperbot_ws/build/bumperbot_cpp_examples' returned '0': CMAKE_PREFIX_PATH=/opt/ros/humble /usr/bin/cmake --build /home/albertlor/Academic/self_driving_robot/bumperbot_ws/build/bumperbot_cpp_examples -- -j8 -l8
[0.793s] Invoking command in '/home/albertlor/Academic/self_driving_robot/bumperbot_ws/build/bumperbot_cpp_examples': CMAKE_PREFIX_PATH=/opt/ros/humble /usr/bin/cmake --install /home/albertlor/Academic/self_driving_robot/bumperbot_ws/build/bumperbot_cpp_examples
[0.801s] -- Install configuration: ""
[0.801s] -- Installing: /home/albertlor/Academic/self_driving_robot/bumperbot_ws/install/bumperbot_cpp_examples/share/ament_index/resource_index/package_run_dependencies/bumperbot_cpp_examples
[0.801s] -- Installing: /home/albertlor/Academic/self_driving_robot/bumperbot_ws/install/bumperbot_cpp_examples/share/ament_index/resource_index/parent_prefix_path/bumperbot_cpp_examples
[0.801s] -- Installing: /home/albertlor/Academic/self_driving_robot/bumperbot_ws/install/bumperbot_cpp_examples/share/bumperbot_cpp_examples/environment/ament_prefix_path.sh
[0.802s] -- Installing: /home/albertlor/Academic/self_driving_robot/bumperbot_ws/install/bumperbot_cpp_examples/share/bumperbot_cpp_examples/environment/ament_prefix_path.dsv
[0.802s] -- Installing: /home/albertlor/Academic/self_driving_robot/bumperbot_ws/install/bumperbot_cpp_examples/share/bumperbot_cpp_examples/environment/path.sh
[0.802s] -- Installing: /home/albertlor/Academic/self_driving_robot/bumperbot_ws/install/bumperbot_cpp_examples/share/bumperbot_cpp_examples/environment/path.dsv
[0.802s] -- Installing: /home/albertlor/Academic/self_driving_robot/bumperbot_ws/install/bumperbot_cpp_examples/share/bumperbot_cpp_examples/local_setup.bash
[0.802s] -- Installing: /home/albertlor/Academic/self_driving_robot/bumperbot_ws/install/bumperbot_cpp_examples/share/bumperbot_cpp_examples/local_setup.sh
[0.802s] -- Installing: /home/albertlor/Academic/self_driving_robot/bumperbot_ws/install/bumperbot_cpp_examples/share/bumperbot_cpp_examples/local_setup.zsh
[0.802s] -- Installing: /home/albertlor/Academic/self_driving_robot/bumperbot_ws/install/bumperbot_cpp_examples/share/bumperbot_cpp_examples/local_setup.dsv
[0.802s] -- Installing: /home/albertlor/Academic/self_driving_robot/bumperbot_ws/install/bumperbot_cpp_examples/share/bumperbot_cpp_examples/package.dsv
[0.802s] -- Installing: /home/albertlor/Academic/self_driving_robot/bumperbot_ws/install/bumperbot_cpp_examples/share/ament_index/resource_index/packages/bumperbot_cpp_examples
[0.802s] -- Installing: /home/albertlor/Academic/self_driving_robot/bumperbot_ws/install/bumperbot_cpp_examples/share/bumperbot_cpp_examples/cmake/bumperbot_cpp_examplesConfig.cmake
[0.802s] -- Installing: /home/albertlor/Academic/self_driving_robot/bumperbot_ws/install/bumperbot_cpp_examples/share/bumperbot_cpp_examples/cmake/bumperbot_cpp_examplesConfig-version.cmake
[0.802s] -- Installing: /home/albertlor/Academic/self_driving_robot/bumperbot_ws/install/bumperbot_cpp_examples/share/bumperbot_cpp_examples/package.xml
[0.805s] Invoked command in '/home/albertlor/Academic/self_driving_robot/bumperbot_ws/build/bumperbot_cpp_examples' returned '0': CMAKE_PREFIX_PATH=/opt/ros/humble /usr/bin/cmake --install /home/albertlor/Academic/self_driving_robot/bumperbot_ws/build/bumperbot_cpp_examples
