[0.816s] Invoking command in '/home/albertlor/Academic/self_driving_robot/bumperbot_ws/src/bumperbot_py_examples': PYTHONPATH=/home/albertlor/Academic/self_driving_robot/bumperbot_ws/build/bumperbot_py_examples/prefix_override:/home/albertlor/Academic/self_driving_robot/bumperbot_ws/install/bumperbot_py_examples/lib/python3.10/site-packages:${PYTHONPATH} /usr/bin/python3 setup.py egg_info --egg-base ../../build/bumperbot_py_examples build --build-base /home/albertlor/Academic/self_driving_robot/bumperbot_ws/build/bumperbot_py_examples/build install --record /home/albertlor/Academic/self_driving_robot/bumperbot_ws/build/bumperbot_py_examples/install.log --single-version-externally-managed
[1.077s] running egg_info
[1.078s] creating ../../build/bumperbot_py_examples/bumperbot_py_examples.egg-info
[1.078s] writing ../../build/bumperbot_py_examples/bumperbot_py_examples.egg-info/PKG-INFO
[1.078s] writing dependency_links to ../../build/bumperbot_py_examples/bumperbot_py_examples.egg-info/dependency_links.txt
[1.078s] writing entry points to ../../build/bumperbot_py_examples/bumperbot_py_examples.egg-info/entry_points.txt
[1.078s] writing requirements to ../../build/bumperbot_py_examples/bumperbot_py_examples.egg-info/requires.txt
[1.078s] writing top-level names to ../../build/bumperbot_py_examples/bumperbot_py_examples.egg-info/top_level.txt
[1.079s] writing manifest file '../../build/bumperbot_py_examples/bumperbot_py_examples.egg-info/SOURCES.txt'
[1.080s] reading manifest file '../../build/bumperbot_py_examples/bumperbot_py_examples.egg-info/SOURCES.txt'
[1.081s] writing manifest file '../../build/bumperbot_py_examples/bumperbot_py_examples.egg-info/SOURCES.txt'
[1.081s] running build
[1.081s] running build_py
[1.081s] creating /home/albertlor/Academic/self_driving_robot/bumperbot_ws/build/bumperbot_py_examples/build
[1.081s] creating /home/albertlor/Academic/self_driving_robot/bumperbot_ws/build/bumperbot_py_examples/build/lib
[1.082s] creating /home/albertlor/Academic/self_driving_robot/bumperbot_ws/build/bumperbot_py_examples/build/lib/bumperbot_py_examples
[1.082s] copying bumperbot_py_examples/__init__.py -> /home/albertlor/Academic/self_driving_robot/bumperbot_ws/build/bumperbot_py_examples/build/lib/bumperbot_py_examples
[1.082s] running install
[1.082s] running install_lib
[1.082s] /usr/lib/python3/dist-packages/setuptools/command/install.py:34: SetuptoolsDeprecationWarning: setup.py install is deprecated. Use build and pip and other standards-based tools.
[1.082s]   warnings.warn(
[1.082s] creating /home/albertlor/Academic/self_driving_robot/bumperbot_ws/install/bumperbot_py_examples/lib/python3.10/site-packages/bumperbot_py_examples
[1.083s] copying /home/albertlor/Academic/self_driving_robot/bumperbot_ws/build/bumperbot_py_examples/build/lib/bumperbot_py_examples/__init__.py -> /home/albertlor/Academic/self_driving_robot/bumperbot_ws/install/bumperbot_py_examples/lib/python3.10/site-packages/bumperbot_py_examples
[1.083s] byte-compiling /home/albertlor/Academic/self_driving_robot/bumperbot_ws/install/bumperbot_py_examples/lib/python3.10/site-packages/bumperbot_py_examples/__init__.py to __init__.cpython-310.pyc
[1.083s] running install_data
[1.084s] creating /home/albertlor/Academic/self_driving_robot/bumperbot_ws/install/bumperbot_py_examples/share/ament_index
[1.084s] creating /home/albertlor/Academic/self_driving_robot/bumperbot_ws/install/bumperbot_py_examples/share/ament_index/resource_index
[1.084s] creating /home/albertlor/Academic/self_driving_robot/bumperbot_ws/install/bumperbot_py_examples/share/ament_index/resource_index/packages
[1.084s] copying resource/bumperbot_py_examples -> /home/albertlor/Academic/self_driving_robot/bumperbot_ws/install/bumperbot_py_examples/share/ament_index/resource_index/packages
[1.084s] copying package.xml -> /home/albertlor/Academic/self_driving_robot/bumperbot_ws/install/bumperbot_py_examples/share/bumperbot_py_examples
[1.084s] running install_egg_info
[1.086s] Copying ../../build/bumperbot_py_examples/bumperbot_py_examples.egg-info to /home/albertlor/Academic/self_driving_robot/bumperbot_ws/install/bumperbot_py_examples/lib/python3.10/site-packages/bumperbot_py_examples-0.0.0-py3.10.egg-info
[1.087s] running install_scripts
[1.107s] writing list of installed files to '/home/albertlor/Academic/self_driving_robot/bumperbot_ws/build/bumperbot_py_examples/install.log'
[1.130s] Invoked command in '/home/albertlor/Academic/self_driving_robot/bumperbot_ws/src/bumperbot_py_examples' returned '0': PYTHONPATH=/home/albertlor/Academic/self_driving_robot/bumperbot_ws/build/bumperbot_py_examples/prefix_override:/home/albertlor/Academic/self_driving_robot/bumperbot_ws/install/bumperbot_py_examples/lib/python3.10/site-packages:${PYTHONPATH} /usr/bin/python3 setup.py egg_info --egg-base ../../build/bumperbot_py_examples build --build-base /home/albertlor/Academic/self_driving_robot/bumperbot_ws/build/bumperbot_py_examples/build install --record /home/albertlor/Academic/self_driving_robot/bumperbot_ws/build/bumperbot_py_examples/install.log --single-version-externally-managed
