[0.134s] Invoking command in '/home/albertlor/Academic/Self_Driving_Robot/bumperbot_ws/build/bumperbot_cpp_examples': CMAKE_PREFIX_PATH=/opt/ros/humble /usr/bin/cmake /home/albertlor/Academic/Self_Driving_Robot/bumperbot_ws/src/bumperbot_cpp_examples -DCMAKE_INSTALL_PREFIX=/home/albertlor/Academic/Self_Driving_Robot/bumperbot_ws/install/bumperbot_cpp_examples
[0.252s] -- The C compiler identification is GNU 11.4.0
[0.335s] -- The CXX compiler identification is GNU 11.4.0
[0.344s] -- Detecting C compiler ABI info
[0.409s] -- Detecting C compiler ABI info - done
[0.416s] -- Check for working C compiler: /usr/bin/cc - skipped
[0.417s] -- Detecting C compile features
[0.417s] -- Detecting C compile features - done
[0.420s] -- Detecting CXX compiler ABI info
[0.495s] -- Detecting CXX compiler ABI info - done
[0.510s] -- Check for working CXX compiler: /usr/bin/c++ - skipped
[0.510s] -- Detecting CXX compile features
[0.511s] -- Detecting CXX compile features - done
[0.515s] -- Found ament_cmake: 1.3.7 (/opt/ros/humble/share/ament_cmake/cmake)
[0.689s] -- Found Python3: /usr/bin/python3.10 (found version "3.10.12") found components: Interpreter 
[0.792s] -- Found ament_lint_auto: 0.12.10 (/opt/ros/humble/share/ament_lint_auto/cmake)
[0.872s] -- Added test 'lint_cmake' to check CMake code style
[0.873s] -- Added test 'xmllint' to check XML markup files
[0.875s] -- Configuring done
[0.877s] -- Generating done
[0.878s] -- Build files have been written to: /home/albertlor/Academic/Self_Driving_Robot/bumperbot_ws/build/bumperbot_cpp_examples
[0.882s] Invoked command in '/home/albertlor/Academic/Self_Driving_Robot/bumperbot_ws/build/bumperbot_cpp_examples' returned '0': CMAKE_PREFIX_PATH=/opt/ros/humble /usr/bin/cmake /home/albertlor/Academic/Self_Driving_Robot/bumperbot_ws/src/bumperbot_cpp_examples -DCMAKE_INSTALL_PREFIX=/home/albertlor/Academic/Self_Driving_Robot/bumperbot_ws/install/bumperbot_cpp_examples
[0.883s] Invoking command in '/home/albertlor/Academic/Self_Driving_Robot/bumperbot_ws/build/bumperbot_cpp_examples': CMAKE_PREFIX_PATH=/opt/ros/humble /usr/bin/cmake --build /home/albertlor/Academic/Self_Driving_Robot/bumperbot_ws/build/bumperbot_cpp_examples -- -j8 -l8
[0.920s] Invoked command in '/home/albertlor/Academic/Self_Driving_Robot/bumperbot_ws/build/bumperbot_cpp_examples' returned '0': CMAKE_PREFIX_PATH=/opt/ros/humble /usr/bin/cmake --build /home/albertlor/Academic/Self_Driving_Robot/bumperbot_ws/build/bumperbot_cpp_examples -- -j8 -l8
[0.948s] Invoking command in '/home/albertlor/Academic/Self_Driving_Robot/bumperbot_ws/build/bumperbot_cpp_examples': CMAKE_PREFIX_PATH=/opt/ros/humble /usr/bin/cmake --install /home/albertlor/Academic/Self_Driving_Robot/bumperbot_ws/build/bumperbot_cpp_examples
[0.956s] -- Install configuration: ""
[0.956s] -- Installing: /home/albertlor/Academic/Self_Driving_Robot/bumperbot_ws/install/bumperbot_cpp_examples/share/ament_index/resource_index/package_run_dependencies/bumperbot_cpp_examples
[0.956s] -- Installing: /home/albertlor/Academic/Self_Driving_Robot/bumperbot_ws/install/bumperbot_cpp_examples/share/ament_index/resource_index/parent_prefix_path/bumperbot_cpp_examples
[0.956s] -- Installing: /home/albertlor/Academic/Self_Driving_Robot/bumperbot_ws/install/bumperbot_cpp_examples/share/bumperbot_cpp_examples/environment/ament_prefix_path.sh
[0.957s] -- Installing: /home/albertlor/Academic/Self_Driving_Robot/bumperbot_ws/install/bumperbot_cpp_examples/share/bumperbot_cpp_examples/environment/ament_prefix_path.dsv
[0.957s] -- Installing: /home/albertlor/Academic/Self_Driving_Robot/bumperbot_ws/install/bumperbot_cpp_examples/share/bumperbot_cpp_examples/environment/path.sh
[0.957s] -- Installing: /home/albertlor/Academic/Self_Driving_Robot/bumperbot_ws/install/bumperbot_cpp_examples/share/bumperbot_cpp_examples/environment/path.dsv
[0.957s] -- Installing: /home/albertlor/Academic/Self_Driving_Robot/bumperbot_ws/install/bumperbot_cpp_examples/share/bumperbot_cpp_examples/local_setup.bash
[0.957s] -- Installing: /home/albertlor/Academic/Self_Driving_Robot/bumperbot_ws/install/bumperbot_cpp_examples/share/bumperbot_cpp_examples/local_setup.sh
[0.957s] -- Installing: /home/albertlor/Academic/Self_Driving_Robot/bumperbot_ws/install/bumperbot_cpp_examples/share/bumperbot_cpp_examples/local_setup.zsh
[0.958s] -- Installing: /home/albertlor/Academic/Self_Driving_Robot/bumperbot_ws/install/bumperbot_cpp_examples/share/bumperbot_cpp_examples/local_setup.dsv
[0.958s] -- Installing: /home/albertlor/Academic/Self_Driving_Robot/bumperbot_ws/install/bumperbot_cpp_examples/share/bumperbot_cpp_examples/package.dsv
[0.958s] -- Installing: /home/albertlor/Academic/Self_Driving_Robot/bumperbot_ws/install/bumperbot_cpp_examples/share/ament_index/resource_index/packages/bumperbot_cpp_examples
[0.958s] -- Installing: /home/albertlor/Academic/Self_Driving_Robot/bumperbot_ws/install/bumperbot_cpp_examples/share/bumperbot_cpp_examples/cmake/bumperbot_cpp_examplesConfig.cmake
[0.958s] -- Installing: /home/albertlor/Academic/Self_Driving_Robot/bumperbot_ws/install/bumperbot_cpp_examples/share/bumperbot_cpp_examples/cmake/bumperbot_cpp_examplesConfig-version.cmake
[0.958s] -- Installing: /home/albertlor/Academic/Self_Driving_Robot/bumperbot_ws/install/bumperbot_cpp_examples/share/bumperbot_cpp_examples/package.xml
[0.960s] Invoked command in '/home/albertlor/Academic/Self_Driving_Robot/bumperbot_ws/build/bumperbot_cpp_examples' returned '0': CMAKE_PREFIX_PATH=/opt/ros/humble /usr/bin/cmake --install /home/albertlor/Academic/Self_Driving_Robot/bumperbot_ws/build/bumperbot_cpp_examples
