[0.842s] Invoking command in '/home/albertlor/Academic/Self_Driving_Robot/bumperbot_ws/src/bumperbot_py_examples': PYTHONPATH=/home/albertlor/Academic/Self_Driving_Robot/bumperbot_ws/build/bumperbot_py_examples/prefix_override:/home/albertlor/Academic/Self_Driving_Robot/bumperbot_ws/install/bumperbot_py_examples/lib/python3.10/site-packages:${PYTHONPATH} /usr/bin/python3 setup.py egg_info --egg-base ../../build/bumperbot_py_examples build --build-base /home/albertlor/Academic/Self_Driving_Robot/bumperbot_ws/build/bumperbot_py_examples/build install --record /home/albertlor/Academic/Self_Driving_Robot/bumperbot_ws/build/bumperbot_py_examples/install.log --single-version-externally-managed
[1.084s] running egg_info
[1.085s] writing ../../build/bumperbot_py_examples/bumperbot_py_examples.egg-info/PKG-INFO
[1.085s] writing dependency_links to ../../build/bumperbot_py_examples/bumperbot_py_examples.egg-info/dependency_links.txt
[1.085s] writing entry points to ../../build/bumperbot_py_examples/bumperbot_py_examples.egg-info/entry_points.txt
[1.085s] writing requirements to ../../build/bumperbot_py_examples/bumperbot_py_examples.egg-info/requires.txt
[1.085s] writing top-level names to ../../build/bumperbot_py_examples/bumperbot_py_examples.egg-info/top_level.txt
[1.091s] reading manifest file '../../build/bumperbot_py_examples/bumperbot_py_examples.egg-info/SOURCES.txt'
[1.092s] writing manifest file '../../build/bumperbot_py_examples/bumperbot_py_examples.egg-info/SOURCES.txt'
[1.092s] running build
[1.092s] running build_py
[1.092s] copying bumperbot_py_examples/simple_publisher.py -> /home/albertlor/Academic/Self_Driving_Robot/bumperbot_ws/build/bumperbot_py_examples/build/lib/bumperbot_py_examples
[1.092s] running install
[1.093s] /usr/lib/python3/dist-packages/setuptools/command/install.py:34: SetuptoolsDeprecationWarning: setup.py install is deprecated. Use build and pip and other standards-based tools.
[1.093s]   warnings.warn(
[1.093s] running install_lib
[1.094s] copying /home/albertlor/Academic/Self_Driving_Robot/bumperbot_ws/build/bumperbot_py_examples/build/lib/bumperbot_py_examples/simple_publisher.py -> /home/albertlor/Academic/Self_Driving_Robot/bumperbot_ws/install/bumperbot_py_examples/lib/python3.10/site-packages/bumperbot_py_examples
[1.094s] byte-compiling /home/albertlor/Academic/Self_Driving_Robot/bumperbot_ws/install/bumperbot_py_examples/lib/python3.10/site-packages/bumperbot_py_examples/simple_publisher.py to simple_publisher.cpython-310.pyc
[1.095s] running install_data
[1.095s] copying package.xml -> /home/albertlor/Academic/Self_Driving_Robot/bumperbot_ws/install/bumperbot_py_examples/share/bumperbot_py_examples
[1.095s] running install_egg_info
[1.098s] removing '/home/albertlor/Academic/Self_Driving_Robot/bumperbot_ws/install/bumperbot_py_examples/lib/python3.10/site-packages/bumperbot_py_examples-0.0.0-py3.10.egg-info' (and everything under it)
[1.098s] Copying ../../build/bumperbot_py_examples/bumperbot_py_examples.egg-info to /home/albertlor/Academic/Self_Driving_Robot/bumperbot_ws/install/bumperbot_py_examples/lib/python3.10/site-packages/bumperbot_py_examples-0.0.0-py3.10.egg-info
[1.099s] running install_scripts
[1.118s] writing list of installed files to '/home/albertlor/Academic/Self_Driving_Robot/bumperbot_ws/build/bumperbot_py_examples/install.log'
[1.141s] Invoked command in '/home/albertlor/Academic/Self_Driving_Robot/bumperbot_ws/src/bumperbot_py_examples' returned '0': PYTHONPATH=/home/albertlor/Academic/Self_Driving_Robot/bumperbot_ws/build/bumperbot_py_examples/prefix_override:/home/albertlor/Academic/Self_Driving_Robot/bumperbot_ws/install/bumperbot_py_examples/lib/python3.10/site-packages:${PYTHONPATH} /usr/bin/python3 setup.py egg_info --egg-base ../../build/bumperbot_py_examples build --build-base /home/albertlor/Academic/Self_Driving_Robot/bumperbot_ws/build/bumperbot_py_examples/build install --record /home/albertlor/Academic/Self_Driving_Robot/bumperbot_ws/build/bumperbot_py_examples/install.log --single-version-externally-managed
