[2.131s] DEBUG:colcon:Command line arguments: ['/usr/bin/colcon', 'list', '-p', '--base-paths', '/home/albertlor/Academic/self_driving_robot/bumperbot_ws']
[2.131s] DEBUG:colcon:Parsed command line arguments: Namespace(log_base=None, log_level=None, verb_name='list', build_base='build', ignore_user_meta=False, metas=['./colcon.meta'], base_paths=['/home/albertlor/Academic/self_driving_robot/bumperbot_ws'], packages_ignore=None, packages_ignore_regex=None, paths=None, packages_up_to=None, packages_up_to_regex=None, packages_above=None, packages_above_and_dependencies=None, packages_above_depth=None, packages_select_by_dep=None, packages_skip_by_dep=None, packages_skip_up_to=None, packages_select_build_failed=False, packages_skip_build_finished=False, packages_select_test_failures=False, packages_skip_test_passed=False, packages_select=None, packages_skip=None, packages_select_regex=None, packages_skip_regex=None, packages_start=None, packages_end=None, allow_overriding=[], topological_order=False, names_only=False, paths_only=True, topological_graph=False, topological_graph_dot=False, topological_graph_density=False, topological_graph_legend=False, topological_graph_dot_cluster=False, topological_graph_dot_include_skipped=False, verb_parser=<colcon_defaults.argument_parser.defaults.DefaultArgumentsDecorator object at 0x7fbe46aa1ea0>, verb_extension=<colcon_package_information.verb.list.ListVerb object at 0x7fbe46aa2590>, main=<bound method ListVerb.main of <colcon_package_information.verb.list.ListVerb object at 0x7fbe46aa2590>>)
[2.191s] Level 1:colcon.colcon_core.package_discovery:discover_packages(colcon_meta) check parameters
[2.191s] Level 1:colcon.colcon_core.package_discovery:discover_packages(recursive) check parameters
[2.191s] Level 1:colcon.colcon_core.package_discovery:discover_packages(ignore) check parameters
[2.191s] Level 1:colcon.colcon_core.package_discovery:discover_packages(path) check parameters
[2.191s] Level 1:colcon.colcon_core.package_discovery:discover_packages(recursive) discover
[2.191s] INFO:colcon.colcon_core.package_discovery:Crawling recursively for packages in '/home/albertlor/Academic/self_driving_robot/bumperbot_ws'
[2.191s] Level 1:colcon.colcon_core.package_identification:_identify(/home/albertlor/Academic/self_driving_robot/bumperbot_ws) by extensions ['ignore', 'ignore_ament_install']
[2.191s] Level 1:colcon.colcon_core.package_identification:_identify(/home/albertlor/Academic/self_driving_robot/bumperbot_ws) by extension 'ignore'
[2.191s] Level 1:colcon.colcon_core.package_identification:_identify(/home/albertlor/Academic/self_driving_robot/bumperbot_ws) by extension 'ignore_ament_install'
[2.191s] Level 1:colcon.colcon_core.package_identification:_identify(/home/albertlor/Academic/self_driving_robot/bumperbot_ws) by extensions ['colcon_pkg']
[2.191s] Level 1:colcon.colcon_core.package_identification:_identify(/home/albertlor/Academic/self_driving_robot/bumperbot_ws) by extension 'colcon_pkg'
[2.191s] Level 1:colcon.colcon_core.package_identification:_identify(/home/albertlor/Academic/self_driving_robot/bumperbot_ws) by extensions ['colcon_meta']
[2.191s] Level 1:colcon.colcon_core.package_identification:_identify(/home/albertlor/Academic/self_driving_robot/bumperbot_ws) by extension 'colcon_meta'
[2.191s] Level 1:colcon.colcon_core.package_identification:_identify(/home/albertlor/Academic/self_driving_robot/bumperbot_ws) by extensions ['ros']
[2.192s] Level 1:colcon.colcon_core.package_identification:_identify(/home/albertlor/Academic/self_driving_robot/bumperbot_ws) by extension 'ros'
[2.204s] Level 1:colcon.colcon_core.package_identification:_identify(/home/albertlor/Academic/self_driving_robot/bumperbot_ws) by extensions ['cmake', 'python']
[2.204s] Level 1:colcon.colcon_core.package_identification:_identify(/home/albertlor/Academic/self_driving_robot/bumperbot_ws) by extension 'cmake'
[2.204s] Level 1:colcon.colcon_core.package_identification:_identify(/home/albertlor/Academic/self_driving_robot/bumperbot_ws) by extension 'python'
[2.204s] Level 1:colcon.colcon_core.package_identification:_identify(/home/albertlor/Academic/self_driving_robot/bumperbot_ws) by extensions ['python_setup_py']
[2.204s] Level 1:colcon.colcon_core.package_identification:_identify(/home/albertlor/Academic/self_driving_robot/bumperbot_ws) by extension 'python_setup_py'
[2.204s] Level 1:colcon.colcon_core.package_identification:_identify(/home/albertlor/Academic/self_driving_robot/bumperbot_ws/build) by extensions ['ignore', 'ignore_ament_install']
[2.204s] Level 1:colcon.colcon_core.package_identification:_identify(/home/albertlor/Academic/self_driving_robot/bumperbot_ws/build) by extension 'ignore'
[2.204s] Level 1:colcon.colcon_core.package_identification:_identify(/home/albertlor/Academic/self_driving_robot/bumperbot_ws/build) ignored
[2.204s] Level 1:colcon.colcon_core.package_identification:_identify(/home/albertlor/Academic/self_driving_robot/bumperbot_ws/install) by extensions ['ignore', 'ignore_ament_install']
[2.204s] Level 1:colcon.colcon_core.package_identification:_identify(/home/albertlor/Academic/self_driving_robot/bumperbot_ws/install) by extension 'ignore'
[2.205s] Level 1:colcon.colcon_core.package_identification:_identify(/home/albertlor/Academic/self_driving_robot/bumperbot_ws/install) ignored
[2.205s] Level 1:colcon.colcon_core.package_identification:_identify(/home/albertlor/Academic/self_driving_robot/bumperbot_ws/log) by extensions ['ignore', 'ignore_ament_install']
[2.205s] Level 1:colcon.colcon_core.package_identification:_identify(/home/albertlor/Academic/self_driving_robot/bumperbot_ws/log) by extension 'ignore'
[2.205s] Level 1:colcon.colcon_core.package_identification:_identify(/home/albertlor/Academic/self_driving_robot/bumperbot_ws/log) ignored
[2.205s] Level 1:colcon.colcon_core.package_identification:_identify(/home/albertlor/Academic/self_driving_robot/bumperbot_ws/src) by extensions ['ignore', 'ignore_ament_install']
[2.205s] Level 1:colcon.colcon_core.package_identification:_identify(/home/albertlor/Academic/self_driving_robot/bumperbot_ws/src) by extension 'ignore'
[2.205s] Level 1:colcon.colcon_core.package_identification:_identify(/home/albertlor/Academic/self_driving_robot/bumperbot_ws/src) by extension 'ignore_ament_install'
[2.205s] Level 1:colcon.colcon_core.package_identification:_identify(/home/albertlor/Academic/self_driving_robot/bumperbot_ws/src) by extensions ['colcon_pkg']
[2.205s] Level 1:colcon.colcon_core.package_identification:_identify(/home/albertlor/Academic/self_driving_robot/bumperbot_ws/src) by extension 'colcon_pkg'
[2.205s] Level 1:colcon.colcon_core.package_identification:_identify(/home/albertlor/Academic/self_driving_robot/bumperbot_ws/src) by extensions ['colcon_meta']
[2.205s] Level 1:colcon.colcon_core.package_identification:_identify(/home/albertlor/Academic/self_driving_robot/bumperbot_ws/src) by extension 'colcon_meta'
[2.205s] Level 1:colcon.colcon_core.package_identification:_identify(/home/albertlor/Academic/self_driving_robot/bumperbot_ws/src) by extensions ['ros']
[2.205s] Level 1:colcon.colcon_core.package_identification:_identify(/home/albertlor/Academic/self_driving_robot/bumperbot_ws/src) by extension 'ros'
[2.205s] Level 1:colcon.colcon_core.package_identification:_identify(/home/albertlor/Academic/self_driving_robot/bumperbot_ws/src) by extensions ['cmake', 'python']
[2.205s] Level 1:colcon.colcon_core.package_identification:_identify(/home/albertlor/Academic/self_driving_robot/bumperbot_ws/src) by extension 'cmake'
[2.205s] Level 1:colcon.colcon_core.package_identification:_identify(/home/albertlor/Academic/self_driving_robot/bumperbot_ws/src) by extension 'python'
[2.206s] Level 1:colcon.colcon_core.package_identification:_identify(/home/albertlor/Academic/self_driving_robot/bumperbot_ws/src) by extensions ['python_setup_py']
[2.206s] Level 1:colcon.colcon_core.package_identification:_identify(/home/albertlor/Academic/self_driving_robot/bumperbot_ws/src) by extension 'python_setup_py'
[2.206s] Level 1:colcon.colcon_core.package_identification:_identify(/home/albertlor/Academic/self_driving_robot/bumperbot_ws/src/build) by extensions ['ignore', 'ignore_ament_install']
[2.206s] Level 1:colcon.colcon_core.package_identification:_identify(/home/albertlor/Academic/self_driving_robot/bumperbot_ws/src/build) by extension 'ignore'
[2.206s] Level 1:colcon.colcon_core.package_identification:_identify(/home/albertlor/Academic/self_driving_robot/bumperbot_ws/src/build) ignored
[2.206s] Level 1:colcon.colcon_core.package_identification:_identify(/home/albertlor/Academic/self_driving_robot/bumperbot_ws/src/bumperbot_cpp_examples) by extensions ['ignore', 'ignore_ament_install']
[2.206s] Level 1:colcon.colcon_core.package_identification:_identify(/home/albertlor/Academic/self_driving_robot/bumperbot_ws/src/bumperbot_cpp_examples) by extension 'ignore'
[2.206s] Level 1:colcon.colcon_core.package_identification:_identify(/home/albertlor/Academic/self_driving_robot/bumperbot_ws/src/bumperbot_cpp_examples) by extension 'ignore_ament_install'
[2.206s] Level 1:colcon.colcon_core.package_identification:_identify(/home/albertlor/Academic/self_driving_robot/bumperbot_ws/src/bumperbot_cpp_examples) by extensions ['colcon_pkg']
[2.206s] Level 1:colcon.colcon_core.package_identification:_identify(/home/albertlor/Academic/self_driving_robot/bumperbot_ws/src/bumperbot_cpp_examples) by extension 'colcon_pkg'
[2.206s] Level 1:colcon.colcon_core.package_identification:_identify(/home/albertlor/Academic/self_driving_robot/bumperbot_ws/src/bumperbot_cpp_examples) by extensions ['colcon_meta']
[2.206s] Level 1:colcon.colcon_core.package_identification:_identify(/home/albertlor/Academic/self_driving_robot/bumperbot_ws/src/bumperbot_cpp_examples) by extension 'colcon_meta'
[2.206s] Level 1:colcon.colcon_core.package_identification:_identify(/home/albertlor/Academic/self_driving_robot/bumperbot_ws/src/bumperbot_cpp_examples) by extensions ['ros']
[2.206s] Level 1:colcon.colcon_core.package_identification:_identify(/home/albertlor/Academic/self_driving_robot/bumperbot_ws/src/bumperbot_cpp_examples) by extension 'ros'
[2.209s] DEBUG:colcon.colcon_core.package_identification:Package '/home/albertlor/Academic/self_driving_robot/bumperbot_ws/src/bumperbot_cpp_examples' with type 'ros.ament_cmake' and name 'bumperbot_cpp_examples'
[2.209s] Level 1:colcon.colcon_core.package_identification:_identify(/home/albertlor/Academic/self_driving_robot/bumperbot_ws/src/bumperbot_py_examples) by extensions ['ignore', 'ignore_ament_install']
[2.209s] Level 1:colcon.colcon_core.package_identification:_identify(/home/albertlor/Academic/self_driving_robot/bumperbot_ws/src/bumperbot_py_examples) by extension 'ignore'
[2.209s] Level 1:colcon.colcon_core.package_identification:_identify(/home/albertlor/Academic/self_driving_robot/bumperbot_ws/src/bumperbot_py_examples) by extension 'ignore_ament_install'
[2.209s] Level 1:colcon.colcon_core.package_identification:_identify(/home/albertlor/Academic/self_driving_robot/bumperbot_ws/src/bumperbot_py_examples) by extensions ['colcon_pkg']
[2.210s] Level 1:colcon.colcon_core.package_identification:_identify(/home/albertlor/Academic/self_driving_robot/bumperbot_ws/src/bumperbot_py_examples) by extension 'colcon_pkg'
[2.210s] Level 1:colcon.colcon_core.package_identification:_identify(/home/albertlor/Academic/self_driving_robot/bumperbot_ws/src/bumperbot_py_examples) by extensions ['colcon_meta']
[2.210s] Level 1:colcon.colcon_core.package_identification:_identify(/home/albertlor/Academic/self_driving_robot/bumperbot_ws/src/bumperbot_py_examples) by extension 'colcon_meta'
[2.210s] Level 1:colcon.colcon_core.package_identification:_identify(/home/albertlor/Academic/self_driving_robot/bumperbot_ws/src/bumperbot_py_examples) by extensions ['ros']
[2.210s] Level 1:colcon.colcon_core.package_identification:_identify(/home/albertlor/Academic/self_driving_robot/bumperbot_ws/src/bumperbot_py_examples) by extension 'ros'
[2.210s] DEBUG:colcon.colcon_core.package_identification:Package '/home/albertlor/Academic/self_driving_robot/bumperbot_ws/src/bumperbot_py_examples' with type 'ros.ament_python' and name 'bumperbot_py_examples'
[2.210s] Level 1:colcon.colcon_core.package_identification:_identify(/home/albertlor/Academic/self_driving_robot/bumperbot_ws/src/install) by extensions ['ignore', 'ignore_ament_install']
[2.210s] Level 1:colcon.colcon_core.package_identification:_identify(/home/albertlor/Academic/self_driving_robot/bumperbot_ws/src/install) by extension 'ignore'
[2.211s] Level 1:colcon.colcon_core.package_identification:_identify(/home/albertlor/Academic/self_driving_robot/bumperbot_ws/src/install) ignored
[2.211s] Level 1:colcon.colcon_core.package_identification:_identify(/home/albertlor/Academic/self_driving_robot/bumperbot_ws/src/log) by extensions ['ignore', 'ignore_ament_install']
[2.211s] Level 1:colcon.colcon_core.package_identification:_identify(/home/albertlor/Academic/self_driving_robot/bumperbot_ws/src/log) by extension 'ignore'
[2.211s] Level 1:colcon.colcon_core.package_identification:_identify(/home/albertlor/Academic/self_driving_robot/bumperbot_ws/src/log) ignored
[2.211s] Level 1:colcon.colcon_core.package_discovery:discover_packages(recursive) using defaults
