[0.144s] Invoking command in '/home/albertlor/Academic/Self_Driving_Robot/bumperbot_ws/build/bumperbot_cpp_examples': CMAKE_PREFIX_PATH=/opt/ros/humble /usr/bin/cmake --build /home/albertlor/Academic/Self_Driving_Robot/bumperbot_ws/build/bumperbot_cpp_examples -- -j8 -l8
[0.479s] Invoked command in '/home/albertlor/Academic/Self_Driving_Robot/bumperbot_ws/build/bumperbot_cpp_examples' returned '0': CMAKE_PREFIX_PATH=/opt/ros/humble /usr/bin/cmake --build /home/albertlor/Academic/Self_Driving_Robot/bumperbot_ws/build/bumperbot_cpp_examples -- -j8 -l8
[0.507s] Invoking command in '/home/albertlor/Academic/Self_Driving_Robot/bumperbot_ws/build/bumperbot_cpp_examples': CMAKE_PREFIX_PATH=/opt/ros/humble /usr/bin/cmake --install /home/albertlor/Academic/Self_Driving_Robot/bumperbot_ws/build/bumperbot_cpp_examples
[0.514s] -- Install configuration: ""
[0.514s] -- Up-to-date: /home/albertlor/Academic/Self_Driving_Robot/bumperbot_ws/install/bumperbot_cpp_examples/share/ament_index/resource_index/package_run_dependencies/bumperbot_cpp_examples
[0.514s] -- Up-to-date: /home/albertlor/Academic/Self_Driving_Robot/bumperbot_ws/install/bumperbot_cpp_examples/share/ament_index/resource_index/parent_prefix_path/bumperbot_cpp_examples
[0.514s] -- Up-to-date: /home/albertlor/Academic/Self_Driving_Robot/bumperbot_ws/install/bumperbot_cpp_examples/share/bumperbot_cpp_examples/environment/ament_prefix_path.sh
[0.514s] -- Up-to-date: /home/albertlor/Academic/Self_Driving_Robot/bumperbot_ws/install/bumperbot_cpp_examples/share/bumperbot_cpp_examples/environment/ament_prefix_path.dsv
[0.514s] -- Up-to-date: /home/albertlor/Academic/Self_Driving_Robot/bumperbot_ws/install/bumperbot_cpp_examples/share/bumperbot_cpp_examples/environment/path.sh
[0.514s] -- Up-to-date: /home/albertlor/Academic/Self_Driving_Robot/bumperbot_ws/install/bumperbot_cpp_examples/share/bumperbot_cpp_examples/environment/path.dsv
[0.515s] -- Up-to-date: /home/albertlor/Academic/Self_Driving_Robot/bumperbot_ws/install/bumperbot_cpp_examples/share/bumperbot_cpp_examples/local_setup.bash
[0.515s] -- Up-to-date: /home/albertlor/Academic/Self_Driving_Robot/bumperbot_ws/install/bumperbot_cpp_examples/share/bumperbot_cpp_examples/local_setup.sh
[0.515s] -- Up-to-date: /home/albertlor/Academic/Self_Driving_Robot/bumperbot_ws/install/bumperbot_cpp_examples/share/bumperbot_cpp_examples/local_setup.zsh
[0.515s] -- Up-to-date: /home/albertlor/Academic/Self_Driving_Robot/bumperbot_ws/install/bumperbot_cpp_examples/share/bumperbot_cpp_examples/local_setup.dsv
[0.515s] -- Installing: /home/albertlor/Academic/Self_Driving_Robot/bumperbot_ws/install/bumperbot_cpp_examples/share/bumperbot_cpp_examples/package.dsv
[0.515s] -- Up-to-date: /home/albertlor/Academic/Self_Driving_Robot/bumperbot_ws/install/bumperbot_cpp_examples/share/ament_index/resource_index/packages/bumperbot_cpp_examples
[0.515s] -- Up-to-date: /home/albertlor/Academic/Self_Driving_Robot/bumperbot_ws/install/bumperbot_cpp_examples/share/bumperbot_cpp_examples/cmake/bumperbot_cpp_examplesConfig.cmake
[0.515s] -- Up-to-date: /home/albertlor/Academic/Self_Driving_Robot/bumperbot_ws/install/bumperbot_cpp_examples/share/bumperbot_cpp_examples/cmake/bumperbot_cpp_examplesConfig-version.cmake
[0.515s] -- Up-to-date: /home/albertlor/Academic/Self_Driving_Robot/bumperbot_ws/install/bumperbot_cpp_examples/share/bumperbot_cpp_examples/package.xml
[0.517s] Invoked command in '/home/albertlor/Academic/Self_Driving_Robot/bumperbot_ws/build/bumperbot_cpp_examples' returned '0': CMAKE_PREFIX_PATH=/opt/ros/humble /usr/bin/cmake --install /home/albertlor/Academic/Self_Driving_Robot/bumperbot_ws/build/bumperbot_cpp_examples
