[0.231s] Invoking command in '/home/albertlor/Academic/self_driving_robot/bumperbot_ws/build/bumperbot_cpp_examples': CMAKE_PREFIX_PATH=/opt/ros/humble /usr/bin/cmake --build /home/albertlor/Academic/self_driving_robot/bumperbot_ws/build/bumperbot_cpp_examples -- -j8 -l8
[0.262s] -- Found ament_cmake: 1.3.7 (/opt/ros/humble/share/ament_cmake/cmake)
[0.420s] -- Found rclcpp: 16.0.8 (/opt/ros/humble/share/rclcpp/cmake)
[0.506s] -- Found rosidl_generator_c: 3.1.5 (/opt/ros/humble/share/rosidl_generator_c/cmake)
[0.512s] -- Found rosidl_adapter: 3.1.5 (/opt/ros/humble/share/rosidl_adapter/cmake)
[0.523s] -- Found rosidl_generator_cpp: 3.1.5 (/opt/ros/humble/share/rosidl_generator_cpp/cmake)
[0.543s] -- Using all available rosidl_typesupport_c: rosidl_typesupport_fastrtps_c;rosidl_typesupport_introspection_c
[0.568s] -- Using all available rosidl_typesupport_cpp: rosidl_typesupport_fastrtps_cpp;rosidl_typesupport_introspection_cpp
[0.654s] -- Found rmw_implementation_cmake: 6.1.1 (/opt/ros/humble/share/rmw_implementation_cmake/cmake)
[0.658s] -- Found rmw_fastrtps_cpp: 6.2.6 (/opt/ros/humble/share/rmw_fastrtps_cpp/cmake)
[0.773s] -- Found OpenSSL: /usr/lib/x86_64-linux-gnu/libcrypto.so (found version "3.0.2")  
[0.820s] -- Found FastRTPS: /opt/ros/humble/include  
[0.887s] -- Using RMW implementation 'rmw_fastrtps_cpp' as default
[0.900s] -- Looking for pthread.h
[0.975s] -- Looking for pthread.h - found
[0.976s] -- Performing Test CMAKE_HAVE_LIBC_PTHREAD
[1.053s] -- Performing Test CMAKE_HAVE_LIBC_PTHREAD - Success
[1.054s] -- Found Threads: TRUE  
[1.290s] -- Found ament_lint_auto: 0.12.10 (/opt/ros/humble/share/ament_lint_auto/cmake)
[1.363s] -- Added test 'cppcheck' to perform static code analysis on C / C++ code
[1.363s] -- Configured cppcheck include dirs: 
[1.363s] -- Configured cppcheck exclude dirs and/or files: 
[1.364s] -- Added test 'lint_cmake' to check CMake code style
[1.365s] -- Added test 'uncrustify' to check C / C++ code style
[1.365s] -- Configured uncrustify additional arguments: 
[1.366s] -- Added test 'xmllint' to check XML markup files
[1.367s] -- Configuring done
[1.378s] -- Generating done
[1.381s] -- Build files have been written to: /home/albertlor/Academic/self_driving_robot/bumperbot_ws/build/bumperbot_cpp_examples
[1.419s] [ 50%] [32mBuilding CXX object CMakeFiles/simple_publisher.dir/src/simple_publisher.cpp.o[0m
[8.855s] [100%] [32m[1mLinking CXX executable simple_publisher[0m
[9.201s] [100%] Built target simple_publisher
[9.221s] Invoked command in '/home/albertlor/Academic/self_driving_robot/bumperbot_ws/build/bumperbot_cpp_examples' returned '0': CMAKE_PREFIX_PATH=/opt/ros/humble /usr/bin/cmake --build /home/albertlor/Academic/self_driving_robot/bumperbot_ws/build/bumperbot_cpp_examples -- -j8 -l8
[9.271s] Invoking command in '/home/albertlor/Academic/self_driving_robot/bumperbot_ws/build/bumperbot_cpp_examples': CMAKE_PREFIX_PATH=/opt/ros/humble /usr/bin/cmake --install /home/albertlor/Academic/self_driving_robot/bumperbot_ws/build/bumperbot_cpp_examples
[9.282s] -- Install configuration: ""
[9.282s] -- Installing: /home/albertlor/Academic/self_driving_robot/bumperbot_ws/install/bumperbot_cpp_examples/lib/bumperbot_cpp_examples/simple_publisher
[9.284s] -- Set runtime path of "/home/albertlor/Academic/self_driving_robot/bumperbot_ws/install/bumperbot_cpp_examples/lib/bumperbot_cpp_examples/simple_publisher" to ""
[9.284s] -- Installing: /home/albertlor/Academic/self_driving_robot/bumperbot_ws/install/bumperbot_cpp_examples/share/ament_index/resource_index/package_run_dependencies/bumperbot_cpp_examples
[9.284s] -- Up-to-date: /home/albertlor/Academic/self_driving_robot/bumperbot_ws/install/bumperbot_cpp_examples/share/ament_index/resource_index/parent_prefix_path/bumperbot_cpp_examples
[9.285s] -- Up-to-date: /home/albertlor/Academic/self_driving_robot/bumperbot_ws/install/bumperbot_cpp_examples/share/bumperbot_cpp_examples/environment/ament_prefix_path.sh
[9.285s] -- Installing: /home/albertlor/Academic/self_driving_robot/bumperbot_ws/install/bumperbot_cpp_examples/share/bumperbot_cpp_examples/environment/ament_prefix_path.dsv
[9.285s] -- Up-to-date: /home/albertlor/Academic/self_driving_robot/bumperbot_ws/install/bumperbot_cpp_examples/share/bumperbot_cpp_examples/environment/path.sh
[9.285s] -- Installing: /home/albertlor/Academic/self_driving_robot/bumperbot_ws/install/bumperbot_cpp_examples/share/bumperbot_cpp_examples/environment/path.dsv
[9.285s] -- Up-to-date: /home/albertlor/Academic/self_driving_robot/bumperbot_ws/install/bumperbot_cpp_examples/share/bumperbot_cpp_examples/local_setup.bash
[9.286s] -- Up-to-date: /home/albertlor/Academic/self_driving_robot/bumperbot_ws/install/bumperbot_cpp_examples/share/bumperbot_cpp_examples/local_setup.sh
[9.286s] -- Up-to-date: /home/albertlor/Academic/self_driving_robot/bumperbot_ws/install/bumperbot_cpp_examples/share/bumperbot_cpp_examples/local_setup.zsh
[9.286s] -- Installing: /home/albertlor/Academic/self_driving_robot/bumperbot_ws/install/bumperbot_cpp_examples/share/bumperbot_cpp_examples/local_setup.dsv
[9.286s] -- Installing: /home/albertlor/Academic/self_driving_robot/bumperbot_ws/install/bumperbot_cpp_examples/share/bumperbot_cpp_examples/package.dsv
[9.286s] -- Up-to-date: /home/albertlor/Academic/self_driving_robot/bumperbot_ws/install/bumperbot_cpp_examples/share/ament_index/resource_index/packages/bumperbot_cpp_examples
[9.286s] -- Up-to-date: /home/albertlor/Academic/self_driving_robot/bumperbot_ws/install/bumperbot_cpp_examples/share/bumperbot_cpp_examples/cmake/bumperbot_cpp_examplesConfig.cmake
[9.286s] -- Up-to-date: /home/albertlor/Academic/self_driving_robot/bumperbot_ws/install/bumperbot_cpp_examples/share/bumperbot_cpp_examples/cmake/bumperbot_cpp_examplesConfig-version.cmake
[9.286s] -- Installing: /home/albertlor/Academic/self_driving_robot/bumperbot_ws/install/bumperbot_cpp_examples/share/bumperbot_cpp_examples/package.xml
[9.288s] Invoked command in '/home/albertlor/Academic/self_driving_robot/bumperbot_ws/build/bumperbot_cpp_examples' returned '0': CMAKE_PREFIX_PATH=/opt/ros/humble /usr/bin/cmake --install /home/albertlor/Academic/self_driving_robot/bumperbot_ws/build/bumperbot_cpp_examples
