[0.867s] Invoking command in '/home/albertlor/Academic/Self_Driving_Robot/bumperbot_ws/src/bumperbot_py_examples': PYTHONPATH=/home/albertlor/Academic/Self_Driving_Robot/bumperbot_ws/build/bumperbot_py_examples/prefix_override:/home/albertlor/Academic/Self_Driving_Robot/bumperbot_ws/install/bumperbot_py_examples/lib/python3.10/site-packages:${PYTHONPATH} /usr/bin/python3 setup.py egg_info --egg-base ../../build/bumperbot_py_examples build --build-base /home/albertlor/Academic/Self_Driving_Robot/bumperbot_ws/build/bumperbot_py_examples/build install --record /home/albertlor/Academic/Self_Driving_Robot/bumperbot_ws/build/bumperbot_py_examples/install.log --single-version-externally-managed
[1.116s] running egg_info
[1.117s] creating ../../build/bumperbot_py_examples/bumperbot_py_examples.egg-info
[1.117s] writing ../../build/bumperbot_py_examples/bumperbot_py_examples.egg-info/PKG-INFO
[1.117s] writing dependency_links to ../../build/bumperbot_py_examples/bumperbot_py_examples.egg-info/dependency_links.txt
[1.117s] writing entry points to ../../build/bumperbot_py_examples/bumperbot_py_examples.egg-info/entry_points.txt
[1.117s] writing requirements to ../../build/bumperbot_py_examples/bumperbot_py_examples.egg-info/requires.txt
[1.117s] writing top-level names to ../../build/bumperbot_py_examples/bumperbot_py_examples.egg-info/top_level.txt
[1.117s] writing manifest file '../../build/bumperbot_py_examples/bumperbot_py_examples.egg-info/SOURCES.txt'
[1.119s] reading manifest file '../../build/bumperbot_py_examples/bumperbot_py_examples.egg-info/SOURCES.txt'
[1.120s] writing manifest file '../../build/bumperbot_py_examples/bumperbot_py_examples.egg-info/SOURCES.txt'
[1.120s] running build
[1.120s] running build_py
[1.120s] creating /home/albertlor/Academic/Self_Driving_Robot/bumperbot_ws/build/bumperbot_py_examples/build
[1.120s] creating /home/albertlor/Academic/Self_Driving_Robot/bumperbot_ws/build/bumperbot_py_examples/build/lib
[1.120s] creating /home/albertlor/Academic/Self_Driving_Robot/bumperbot_ws/build/bumperbot_py_examples/build/lib/bumperbot_py_examples
[1.120s] copying bumperbot_py_examples/__init__.py -> /home/albertlor/Academic/Self_Driving_Robot/bumperbot_ws/build/bumperbot_py_examples/build/lib/bumperbot_py_examples
[1.121s] running install
[1.121s] /usr/lib/python3/dist-packages/setuptools/command/install.py:34: SetuptoolsDeprecationWarning: setup.py install is deprecated. Use build and pip and other standards-based tools.
[1.121s]   warnings.warn(
[1.121s] running install_lib
[1.121s] creating /home/albertlor/Academic/Self_Driving_Robot/bumperbot_ws/install/bumperbot_py_examples/lib/python3.10/site-packages/bumperbot_py_examples
[1.122s] copying /home/albertlor/Academic/Self_Driving_Robot/bumperbot_ws/build/bumperbot_py_examples/build/lib/bumperbot_py_examples/__init__.py -> /home/albertlor/Academic/Self_Driving_Robot/bumperbot_ws/install/bumperbot_py_examples/lib/python3.10/site-packages/bumperbot_py_examples
[1.122s] byte-compiling /home/albertlor/Academic/Self_Driving_Robot/bumperbot_ws/install/bumperbot_py_examples/lib/python3.10/site-packages/bumperbot_py_examples/__init__.py to __init__.cpython-310.pyc
[1.122s] running install_data
[1.122s] creating /home/albertlor/Academic/Self_Driving_Robot/bumperbot_ws/install/bumperbot_py_examples/share/ament_index
[1.123s] creating /home/albertlor/Academic/Self_Driving_Robot/bumperbot_ws/install/bumperbot_py_examples/share/ament_index/resource_index
[1.123s] creating /home/albertlor/Academic/Self_Driving_Robot/bumperbot_ws/install/bumperbot_py_examples/share/ament_index/resource_index/packages
[1.123s] copying resource/bumperbot_py_examples -> /home/albertlor/Academic/Self_Driving_Robot/bumperbot_ws/install/bumperbot_py_examples/share/ament_index/resource_index/packages
[1.123s] copying package.xml -> /home/albertlor/Academic/Self_Driving_Robot/bumperbot_ws/install/bumperbot_py_examples/share/bumperbot_py_examples
[1.123s] running install_egg_info
[1.125s] Copying ../../build/bumperbot_py_examples/bumperbot_py_examples.egg-info to /home/albertlor/Academic/Self_Driving_Robot/bumperbot_ws/install/bumperbot_py_examples/lib/python3.10/site-packages/bumperbot_py_examples-0.0.0-py3.10.egg-info
[1.126s] running install_scripts
[1.145s] writing list of installed files to '/home/albertlor/Academic/Self_Driving_Robot/bumperbot_ws/build/bumperbot_py_examples/install.log'
[1.171s] Invoked command in '/home/albertlor/Academic/Self_Driving_Robot/bumperbot_ws/src/bumperbot_py_examples' returned '0': PYTHONPATH=/home/albertlor/Academic/Self_Driving_Robot/bumperbot_ws/build/bumperbot_py_examples/prefix_override:/home/albertlor/Academic/Self_Driving_Robot/bumperbot_ws/install/bumperbot_py_examples/lib/python3.10/site-packages:${PYTHONPATH} /usr/bin/python3 setup.py egg_info --egg-base ../../build/bumperbot_py_examples build --build-base /home/albertlor/Academic/Self_Driving_Robot/bumperbot_ws/build/bumperbot_py_examples/build install --record /home/albertlor/Academic/Self_Driving_Robot/bumperbot_ws/build/bumperbot_py_examples/install.log --single-version-externally-managed
